[0.011s] Invoking command in '/home/naveengnanasekar/dev_ws/build/my_robot': CMAKE_PREFIX_PATH=${CMAKE_PREFIX_PATH}:/opt/ros/humble /usr/bin/cmake --build /home/naveengnanasekar/dev_ws/build/my_robot -- -j8 -l8
[0.045s] Invoked command in '/home/naveengnanasekar/dev_ws/build/my_robot' returned '0': CMAKE_PREFIX_PATH=${CMAKE_PREFIX_PATH}:/opt/ros/humble /usr/bin/cmake --build /home/naveengnanasekar/dev_ws/build/my_robot -- -j8 -l8
[0.055s] Invoking command in '/home/naveengnanasekar/dev_ws/build/my_robot': CMAKE_PREFIX_PATH=${CMAKE_PREFIX_PATH}:/opt/ros/humble /usr/bin/cmake --install /home/naveengnanasekar/dev_ws/build/my_robot
[0.061s] -- Install configuration: ""
[0.061s] -- Execute custom install script
[0.061s] -- Up-to-date symlink: /home/naveengnanasekar/dev_ws/install/my_robot/share/ament_index/resource_index/package_run_dependencies/my_robot
[0.061s] -- Up-to-date symlink: /home/naveengnanasekar/dev_ws/install/my_robot/share/ament_index/resource_index/parent_prefix_path/my_robot
[0.061s] -- Up-to-date symlink: /home/naveengnanasekar/dev_ws/install/my_robot/share/my_robot/environment/ament_prefix_path.sh
[0.062s] -- Up-to-date symlink: /home/naveengnanasekar/dev_ws/install/my_robot/share/my_robot/environment/ament_prefix_path.dsv
[0.062s] -- Up-to-date symlink: /home/naveengnanasekar/dev_ws/install/my_robot/share/my_robot/environment/path.sh
[0.062s] -- Up-to-date symlink: /home/naveengnanasekar/dev_ws/install/my_robot/share/my_robot/environment/path.dsv
[0.062s] -- Up-to-date symlink: /home/naveengnanasekar/dev_ws/install/my_robot/share/my_robot/local_setup.bash
[0.062s] -- Up-to-date symlink: /home/naveengnanasekar/dev_ws/install/my_robot/share/my_robot/local_setup.sh
[0.062s] -- Up-to-date symlink: /home/naveengnanasekar/dev_ws/install/my_robot/share/my_robot/local_setup.zsh
[0.062s] -- Up-to-date symlink: /home/naveengnanasekar/dev_ws/install/my_robot/share/my_robot/local_setup.dsv
[0.062s] -- Symlinking: /home/naveengnanasekar/dev_ws/install/my_robot/share/my_robot/package.dsv
[0.070s] -- Up-to-date symlink: /home/naveengnanasekar/dev_ws/install/my_robot/share/ament_index/resource_index/packages/my_robot
[0.071s] -- Up-to-date symlink: /home/naveengnanasekar/dev_ws/install/my_robot/share/my_robot/cmake/my_robotConfig.cmake
[0.071s] -- Up-to-date symlink: /home/naveengnanasekar/dev_ws/install/my_robot/share/my_robot/cmake/my_robotConfig-version.cmake
[0.071s] -- Up-to-date symlink: /home/naveengnanasekar/dev_ws/install/my_robot/share/my_robot/package.xml
[0.072s] Invoked command in '/home/naveengnanasekar/dev_ws/build/my_robot' returned '0': CMAKE_PREFIX_PATH=${CMAKE_PREFIX_PATH}:/opt/ros/humble /usr/bin/cmake --install /home/naveengnanasekar/dev_ws/build/my_robot
