[0.010s] Invoking command in '/home/naveengnanasekar/dev_ws/build/my_bot': CMAKE_PREFIX_PATH=/opt/ros/humble /usr/bin/cmake --build /home/naveengnanasekar/dev_ws/build/my_bot -- -j8 -l8
[0.079s] Invoked command in '/home/naveengnanasekar/dev_ws/build/my_bot' returned '0': CMAKE_PREFIX_PATH=/opt/ros/humble /usr/bin/cmake --build /home/naveengnanasekar/dev_ws/build/my_bot -- -j8 -l8
[0.089s] Invoking command in '/home/naveengnanasekar/dev_ws/build/my_bot': CMAKE_PREFIX_PATH=/opt/ros/humble /usr/bin/cmake --install /home/naveengnanasekar/dev_ws/build/my_bot
[0.096s] -- Install configuration: ""
[0.097s] -- Up-to-date: /home/naveengnanasekar/dev_ws/install/my_bot/share/my_bot/config
[0.097s] -- Up-to-date: /home/naveengnanasekar/dev_ws/install/my_bot/share/my_bot/config/empty.yaml
[0.097s] -- Up-to-date: /home/naveengnanasekar/dev_ws/install/my_bot/share/my_bot/description
[0.097s] -- Installing: /home/naveengnanasekar/dev_ws/install/my_bot/share/my_bot/description/robot_core.xacro
[0.098s] -- Up-to-date: /home/naveengnanasekar/dev_ws/install/my_bot/share/my_bot/description/robot.urdf.xacro
[0.098s] -- Up-to-date: /home/naveengnanasekar/dev_ws/install/my_bot/share/my_bot/launch
[0.098s] -- Up-to-date: /home/naveengnanasekar/dev_ws/install/my_bot/share/my_bot/launch/rsp.launch.py
[0.098s] -- Up-to-date: /home/naveengnanasekar/dev_ws/install/my_bot/share/my_bot/worlds
[0.098s] -- Up-to-date: /home/naveengnanasekar/dev_ws/install/my_bot/share/my_bot/worlds/empty.world
[0.098s] -- Up-to-date: /home/naveengnanasekar/dev_ws/install/my_bot/share/ament_index/resource_index/package_run_dependencies/my_bot
[0.098s] -- Up-to-date: /home/naveengnanasekar/dev_ws/install/my_bot/share/ament_index/resource_index/parent_prefix_path/my_bot
[0.098s] -- Up-to-date: /home/naveengnanasekar/dev_ws/install/my_bot/share/my_bot/environment/ament_prefix_path.sh
[0.098s] -- Up-to-date: /home/naveengnanasekar/dev_ws/install/my_bot/share/my_bot/environment/ament_prefix_path.dsv
[0.098s] -- Up-to-date: /home/naveengnanasekar/dev_ws/install/my_bot/share/my_bot/environment/path.sh
[0.098s] -- Up-to-date: /home/naveengnanasekar/dev_ws/install/my_bot/share/my_bot/environment/path.dsv
[0.099s] -- Up-to-date: /home/naveengnanasekar/dev_ws/install/my_bot/share/my_bot/local_setup.bash
[0.099s] -- Up-to-date: /home/naveengnanasekar/dev_ws/install/my_bot/share/my_bot/local_setup.sh
[0.099s] -- Up-to-date: /home/naveengnanasekar/dev_ws/install/my_bot/share/my_bot/local_setup.zsh
[0.099s] -- Up-to-date: /home/naveengnanasekar/dev_ws/install/my_bot/share/my_bot/local_setup.dsv
[0.099s] -- Installing: /home/naveengnanasekar/dev_ws/install/my_bot/share/my_bot/package.dsv
[0.099s] -- Up-to-date: /home/naveengnanasekar/dev_ws/install/my_bot/share/ament_index/resource_index/packages/my_bot
[0.099s] -- Up-to-date: /home/naveengnanasekar/dev_ws/install/my_bot/share/my_bot/cmake/my_botConfig.cmake
[0.099s] -- Up-to-date: /home/naveengnanasekar/dev_ws/install/my_bot/share/my_bot/cmake/my_botConfig-version.cmake
[0.099s] -- Up-to-date: /home/naveengnanasekar/dev_ws/install/my_bot/share/my_bot/package.xml
[0.101s] Invoked command in '/home/naveengnanasekar/dev_ws/build/my_bot' returned '0': CMAKE_PREFIX_PATH=/opt/ros/humble /usr/bin/cmake --install /home/naveengnanasekar/dev_ws/build/my_bot
