[0.008s] Invoking command in '/home/naveengnanasekar/dev_ws/build/my_bot': CMAKE_PREFIX_PATH=${CMAKE_PREFIX_PATH}:/opt/ros/humble /usr/bin/cmake /home/naveengnanasekar/dev_ws/src/my_robot -DCMAKE_INSTALL_PREFIX=/home/naveengnanasekar/dev_ws/install/my_bot
[0.014s] [33mCMake Warning (dev) in CMakeLists.txt:
[0.014s]   No project() command is present.  The top-level CMakeLists.txt file must
[0.014s]   contain a literal, direct call to the project() command.  Add a line of
[0.014s]   code such as
[0.014s] 
[0.014s]     project(ProjectName)
[0.014s] 
[0.014s]   near the top of the file, but after cmake_minimum_required().
[0.014s] 
[0.015s]   CMake is pretending there is a "project(Project)" command on the first
[0.015s]   line.
[0.015s] This warning is for project developers.  Use -Wno-dev to suppress it.
[0.015s] [0m
[0.148s] -- The C compiler identification is GNU 11.4.0
[0.238s] -- The CXX compiler identification is GNU 11.4.0
[0.246s] -- Detecting C compiler ABI info
[0.306s] -- Detecting C compiler ABI info - done
[0.312s] -- Check for working C compiler: /usr/bin/cc - skipped
[0.313s] -- Detecting C compile features
[0.314s] -- Detecting C compile features - done
[0.317s] -- Detecting CXX compiler ABI info
[0.384s] -- Detecting CXX compiler ABI info - done
[0.390s] -- Check for working CXX compiler: /usr/bin/c++ - skipped
[0.390s] -- Detecting CXX compile features
[0.391s] -- Detecting CXX compile features - done
[0.394s] -- Found ament_cmake: 1.3.12 (/opt/ros/humble/share/ament_cmake/cmake)
[0.508s] -- Found Python3: /usr/bin/python3 (found version "3.10.12") found components: Interpreter 
[0.576s] -- Found ament_lint_auto: 0.12.14 (/opt/ros/humble/share/ament_lint_auto/cmake)
[0.623s] [31mCMake Error at /opt/ros/humble/share/ament_cmake_core/cmake/core/ament_package_xml.cmake:53 (message):
[0.623s]   ament_package_xml() package name 'my_bot' in '/package.xml' does not match
[0.623s]   current PROJECT_NAME 'Project'.  You must call project() with the same
[0.623s]   package name before.
[0.623s] Call Stack (most recent call first):
[0.623s]   /opt/ros/humble/share/ament_lint_auto/cmake/ament_lint_auto_find_test_dependencies.cmake:31 (ament_package_xml)
[0.623s]   CMakeLists.txt:29 (ament_lint_auto_find_test_dependencies)
[0.623s] 
[0.623s] [0m
[0.623s] [31mCMake Error in CMakeLists.txt:
[0.623s]   No cmake_minimum_required command is present.  A line of code such as
[0.623s] 
[0.623s]     cmake_minimum_required(VERSION 3.22)
[0.623s] 
[0.624s]   should be added at the top of the file.  The version specified may be lower
[0.624s]   if you wish to support older CMake versions for this project.  For more
[0.624s]   information run "cmake --help-policy CMP0000".
[0.624s] 
[0.624s] [0m
[0.624s] -- Configuring incomplete, errors occurred!
[0.624s] See also "/home/naveengnanasekar/dev_ws/build/my_bot/CMakeFiles/CMakeOutput.log".
[0.628s] Invoked command in '/home/naveengnanasekar/dev_ws/build/my_bot' returned '1': CMAKE_PREFIX_PATH=${CMAKE_PREFIX_PATH}:/opt/ros/humble /usr/bin/cmake /home/naveengnanasekar/dev_ws/src/my_robot -DCMAKE_INSTALL_PREFIX=/home/naveengnanasekar/dev_ws/install/my_bot
