-- Install configuration: ""
-- Execute custom install script
-- Up-to-date symlink: /home/naveengnanasekar/dev_ws/install/my_robot/share/my_robot/config/empty.yaml
-- Up-to-date symlink: /home/naveengnanasekar/dev_ws/install/my_robot/share/my_robot/description/gazebo_control.xacro
-- Symlinking: /home/naveengnanasekar/dev_ws/install/my_robot/share/my_robot/description/lidar.xacro
-- Up-to-date symlink: /home/naveengnanasekar/dev_ws/install/my_robot/share/my_robot/description/robot.urdf.xacro
-- Up-to-date symlink: /home/naveengnanasekar/dev_ws/install/my_robot/share/my_robot/description/robot_core.xacro
-- Up-to-date symlink: /home/naveengnanasekar/dev_ws/install/my_robot/share/my_robot/launch/launch_sim.launch.py
-- Up-to-date symlink: /home/naveengnanasekar/dev_ws/install/my_robot/share/my_robot/launch/rsp.launch.py
-- Up-to-date symlink: /home/naveengnanasekar/dev_ws/install/my_robot/share/my_robot/worlds/empty.world
-- Symlinking: /home/naveengnanasekar/dev_ws/install/my_robot/share/my_robot/meshes/CAMERA.STL
-- Symlinking: /home/naveengnanasekar/dev_ws/install/my_robot/share/my_robot/meshes/LIDAR.STL
-- Symlinking: /home/naveengnanasekar/dev_ws/install/my_robot/share/my_robot/meshes/SHOOTING.STL
-- Symlinking: /home/naveengnanasekar/dev_ws/install/my_robot/share/my_robot/meshes/TURRET.STL
-- Symlinking: /home/naveengnanasekar/dev_ws/install/my_robot/share/my_robot/meshes/W1.STL
-- Symlinking: /home/naveengnanasekar/dev_ws/install/my_robot/share/my_robot/meshes/W2.STL
-- Symlinking: /home/naveengnanasekar/dev_ws/install/my_robot/share/my_robot/meshes/W3.STL
-- Symlinking: /home/naveengnanasekar/dev_ws/install/my_robot/share/my_robot/meshes/W4.STL
-- Up-to-date symlink: /home/naveengnanasekar/dev_ws/install/my_robot/share/my_robot/meshes/base_link.STL
-- Up-to-date symlink: /home/naveengnanasekar/dev_ws/install/my_robot/share/my_robot/launch/launch_sim.launch.py
-- Up-to-date symlink: /home/naveengnanasekar/dev_ws/install/my_robot/share/my_robot/launch/rsp.launch.py
-- Up-to-date symlink: /home/naveengnanasekar/dev_ws/install/my_robot/share/ament_index/resource_index/package_run_dependencies/my_robot
-- Up-to-date symlink: /home/naveengnanasekar/dev_ws/install/my_robot/share/ament_index/resource_index/parent_prefix_path/my_robot
-- Up-to-date symlink: /home/naveengnanasekar/dev_ws/install/my_robot/share/my_robot/environment/ament_prefix_path.sh
-- Up-to-date symlink: /home/naveengnanasekar/dev_ws/install/my_robot/share/my_robot/environment/ament_prefix_path.dsv
-- Up-to-date symlink: /home/naveengnanasekar/dev_ws/install/my_robot/share/my_robot/environment/path.sh
-- Up-to-date symlink: /home/naveengnanasekar/dev_ws/install/my_robot/share/my_robot/environment/path.dsv
-- Up-to-date symlink: /home/naveengnanasekar/dev_ws/install/my_robot/share/my_robot/local_setup.bash
-- Up-to-date symlink: /home/naveengnanasekar/dev_ws/install/my_robot/share/my_robot/local_setup.sh
-- Up-to-date symlink: /home/naveengnanasekar/dev_ws/install/my_robot/share/my_robot/local_setup.zsh
-- Up-to-date symlink: /home/naveengnanasekar/dev_ws/install/my_robot/share/my_robot/local_setup.dsv
-- Symlinking: /home/naveengnanasekar/dev_ws/install/my_robot/share/my_robot/package.dsv
-- Up-to-date symlink: /home/naveengnanasekar/dev_ws/install/my_robot/share/ament_index/resource_index/packages/my_robot
-- Up-to-date symlink: /home/naveengnanasekar/dev_ws/install/my_robot/share/my_robot/cmake/my_robotConfig.cmake
-- Up-to-date symlink: /home/naveengnanasekar/dev_ws/install/my_robot/share/my_robot/cmake/my_robotConfig-version.cmake
-- Up-to-date symlink: /home/naveengnanasekar/dev_ws/install/my_robot/share/my_robot/package.xml
