[0.008s] Invoking command in '/home/naveengnanasekar/dev_ws/build/my_bot': CMAKE_PREFIX_PATH=/opt/ros/humble /usr/bin/cmake --build /home/naveengnanasekar/dev_ws/build/my_bot -- -j8 -l8
[0.042s] Invoked command in '/home/naveengnanasekar/dev_ws/build/my_bot' returned '0': CMAKE_PREFIX_PATH=/opt/ros/humble /usr/bin/cmake --build /home/naveengnanasekar/dev_ws/build/my_bot -- -j8 -l8
[0.051s] Invoking command in '/home/naveengnanasekar/dev_ws/build/my_bot': CMAKE_PREFIX_PATH=/opt/ros/humble /usr/bin/cmake --install /home/naveengnanasekar/dev_ws/build/my_bot
[0.058s] -- Install configuration: ""
[0.058s] -- Execute custom install script
[0.058s] -- Up-to-date symlink: /home/naveengnanasekar/dev_ws/install/my_bot/share/my_bot/config/empty.yaml
[0.059s] -- Up-to-date symlink: /home/naveengnanasekar/dev_ws/install/my_bot/share/my_bot/description/robot.urdf.xacro
[0.059s] -- Up-to-date symlink: /home/naveengnanasekar/dev_ws/install/my_bot/share/my_bot/description/robot_core.xacro
[0.059s] -- Up-to-date symlink: /home/naveengnanasekar/dev_ws/install/my_bot/share/my_bot/launch/rsp.launch.py
[0.059s] -- Up-to-date symlink: /home/naveengnanasekar/dev_ws/install/my_bot/share/my_bot/worlds/empty.world
[0.059s] -- Up-to-date symlink: /home/naveengnanasekar/dev_ws/install/my_bot/share/my_bot/meshes/base_link.STL
[0.059s] -- Up-to-date symlink: /home/naveengnanasekar/dev_ws/install/my_bot/share/my_bot/meshes/turret.STL
[0.059s] -- Up-to-date symlink: /home/naveengnanasekar/dev_ws/install/my_bot/share/my_bot/meshes/wheel1.STL
[0.059s] -- Up-to-date symlink: /home/naveengnanasekar/dev_ws/install/my_bot/share/my_bot/meshes/wheel2.STL
[0.059s] -- Up-to-date symlink: /home/naveengnanasekar/dev_ws/install/my_bot/share/my_bot/meshes/wheel3.STL
[0.060s] -- Up-to-date symlink: /home/naveengnanasekar/dev_ws/install/my_bot/share/my_bot/meshes/wheel4.STL
[0.060s] -- Up-to-date symlink: /home/naveengnanasekar/dev_ws/install/my_bot/share/ament_index/resource_index/package_run_dependencies/my_bot
[0.060s] -- Up-to-date symlink: /home/naveengnanasekar/dev_ws/install/my_bot/share/ament_index/resource_index/parent_prefix_path/my_bot
[0.060s] -- Up-to-date symlink: /home/naveengnanasekar/dev_ws/install/my_bot/share/my_bot/environment/ament_prefix_path.sh
[0.060s] -- Up-to-date symlink: /home/naveengnanasekar/dev_ws/install/my_bot/share/my_bot/environment/ament_prefix_path.dsv
[0.060s] -- Up-to-date symlink: /home/naveengnanasekar/dev_ws/install/my_bot/share/my_bot/environment/path.sh
[0.060s] -- Up-to-date symlink: /home/naveengnanasekar/dev_ws/install/my_bot/share/my_bot/environment/path.dsv
[0.060s] -- Up-to-date symlink: /home/naveengnanasekar/dev_ws/install/my_bot/share/my_bot/local_setup.bash
[0.061s] -- Up-to-date symlink: /home/naveengnanasekar/dev_ws/install/my_bot/share/my_bot/local_setup.sh
[0.061s] -- Up-to-date symlink: /home/naveengnanasekar/dev_ws/install/my_bot/share/my_bot/local_setup.zsh
[0.061s] -- Up-to-date symlink: /home/naveengnanasekar/dev_ws/install/my_bot/share/my_bot/local_setup.dsv
[0.061s] -- Symlinking: /home/naveengnanasekar/dev_ws/install/my_bot/share/my_bot/package.dsv
[0.069s] -- Up-to-date symlink: /home/naveengnanasekar/dev_ws/install/my_bot/share/ament_index/resource_index/packages/my_bot
[0.069s] -- Up-to-date symlink: /home/naveengnanasekar/dev_ws/install/my_bot/share/my_bot/cmake/my_botConfig.cmake
[0.069s] -- Up-to-date symlink: /home/naveengnanasekar/dev_ws/install/my_bot/share/my_bot/cmake/my_botConfig-version.cmake
[0.069s] -- Up-to-date symlink: /home/naveengnanasekar/dev_ws/install/my_bot/share/my_bot/package.xml
[0.071s] Invoked command in '/home/naveengnanasekar/dev_ws/build/my_bot' returned '0': CMAKE_PREFIX_PATH=/opt/ros/humble /usr/bin/cmake --install /home/naveengnanasekar/dev_ws/build/my_bot
