[0.013s] Invoking command in '/home/naveengnanasekar/dev_ws/build/my_bot': CMAKE_PREFIX_PATH=/opt/ros/humble /usr/bin/cmake --build /home/naveengnanasekar/dev_ws/build/my_bot -- -j8 -l8
[0.078s] Invoked command in '/home/naveengnanasekar/dev_ws/build/my_bot' returned '0': CMAKE_PREFIX_PATH=/opt/ros/humble /usr/bin/cmake --build /home/naveengnanasekar/dev_ws/build/my_bot -- -j8 -l8
[0.088s] Invoking command in '/home/naveengnanasekar/dev_ws/build/my_bot': CMAKE_PREFIX_PATH=/opt/ros/humble /usr/bin/cmake --install /home/naveengnanasekar/dev_ws/build/my_bot
[0.095s] -- Install configuration: ""
[0.096s] -- Execute custom install script
[0.097s] -- Up-to-date symlink: /home/naveengnanasekar/dev_ws/install/my_bot/share/my_bot/config/empty.yaml
[0.098s] -- Up-to-date symlink: /home/naveengnanasekar/dev_ws/install/my_bot/share/my_bot/description/robot.urdf.xacro
[0.098s] -- Up-to-date symlink: /home/naveengnanasekar/dev_ws/install/my_bot/share/my_bot/description/robot_core.xacro
[0.098s] -- Symlinking: /home/naveengnanasekar/dev_ws/install/my_bot/share/my_bot/launch/launch_sim.launch.py
[0.107s] -- Up-to-date symlink: /home/naveengnanasekar/dev_ws/install/my_bot/share/my_bot/launch/rsp.launch.py
[0.107s] -- Up-to-date symlink: /home/naveengnanasekar/dev_ws/install/my_bot/share/my_bot/worlds/empty.world
[0.108s] -- Up-to-date symlink: /home/naveengnanasekar/dev_ws/install/my_bot/share/my_bot/meshes/base_link.STL
[0.108s] -- Up-to-date symlink: /home/naveengnanasekar/dev_ws/install/my_bot/share/my_bot/meshes/turret.STL
[0.108s] -- Up-to-date symlink: /home/naveengnanasekar/dev_ws/install/my_bot/share/my_bot/meshes/wheel1.STL
[0.108s] -- Up-to-date symlink: /home/naveengnanasekar/dev_ws/install/my_bot/share/my_bot/meshes/wheel2.STL
[0.109s] -- Up-to-date symlink: /home/naveengnanasekar/dev_ws/install/my_bot/share/my_bot/meshes/wheel3.STL
[0.109s] -- Up-to-date symlink: /home/naveengnanasekar/dev_ws/install/my_bot/share/my_bot/meshes/wheel4.STL
[0.109s] -- Up-to-date symlink: /home/naveengnanasekar/dev_ws/install/my_bot/share/ament_index/resource_index/package_run_dependencies/my_bot
[0.110s] -- Up-to-date symlink: /home/naveengnanasekar/dev_ws/install/my_bot/share/ament_index/resource_index/parent_prefix_path/my_bot
[0.110s] -- Up-to-date symlink: /home/naveengnanasekar/dev_ws/install/my_bot/share/my_bot/environment/ament_prefix_path.sh
[0.110s] -- Up-to-date symlink: /home/naveengnanasekar/dev_ws/install/my_bot/share/my_bot/environment/ament_prefix_path.dsv
[0.110s] -- Up-to-date symlink: /home/naveengnanasekar/dev_ws/install/my_bot/share/my_bot/environment/path.sh
[0.111s] -- Up-to-date symlink: /home/naveengnanasekar/dev_ws/install/my_bot/share/my_bot/environment/path.dsv
[0.111s] -- Up-to-date symlink: /home/naveengnanasekar/dev_ws/install/my_bot/share/my_bot/local_setup.bash
[0.111s] -- Up-to-date symlink: /home/naveengnanasekar/dev_ws/install/my_bot/share/my_bot/local_setup.sh
[0.112s] -- Up-to-date symlink: /home/naveengnanasekar/dev_ws/install/my_bot/share/my_bot/local_setup.zsh
[0.112s] -- Up-to-date symlink: /home/naveengnanasekar/dev_ws/install/my_bot/share/my_bot/local_setup.dsv
[0.112s] -- Symlinking: /home/naveengnanasekar/dev_ws/install/my_bot/share/my_bot/package.dsv
[0.124s] -- Up-to-date symlink: /home/naveengnanasekar/dev_ws/install/my_bot/share/ament_index/resource_index/packages/my_bot
[0.124s] -- Up-to-date symlink: /home/naveengnanasekar/dev_ws/install/my_bot/share/my_bot/cmake/my_botConfig.cmake
[0.124s] -- Up-to-date symlink: /home/naveengnanasekar/dev_ws/install/my_bot/share/my_bot/cmake/my_botConfig-version.cmake
[0.124s] -- Up-to-date symlink: /home/naveengnanasekar/dev_ws/install/my_bot/share/my_bot/package.xml
[0.128s] Invoked command in '/home/naveengnanasekar/dev_ws/build/my_bot' returned '0': CMAKE_PREFIX_PATH=/opt/ros/humble /usr/bin/cmake --install /home/naveengnanasekar/dev_ws/build/my_bot
