[0.008s] Invoking command in '/home/naveengnanasekar/dev_ws/build/my_robot': CMAKE_PREFIX_PATH=${CMAKE_PREFIX_PATH}:/opt/ros/humble /usr/bin/cmake --build /home/naveengnanasekar/dev_ws/build/my_robot -- -j8 -l8
[0.024s] [33mCMake Warning (dev) in CMakeLists.txt:
[0.024s]   No project() command is present.  The top-level CMakeLists.txt file must
[0.024s]   contain a literal, direct call to the project() command.  Add a line of
[0.024s]   code such as
[0.024s] 
[0.024s]     project(ProjectName)
[0.024s] 
[0.024s]   near the top of the file, but after cmake_minimum_required().
[0.024s] 
[0.024s]   CMake is pretending there is a "project(Project)" command on the first
[0.024s]   line.
[0.024s] This warning is for project developers.  Use -Wno-dev to suppress it.
[0.024s] [0m
[0.028s] -- Found ament_cmake: 1.3.12 (/opt/ros/humble/share/ament_cmake/cmake)
[0.118s] -- Override CMake install command with custom implementation using symlinks instead of copying resources
[0.124s] -- Found ament_lint_auto: 0.12.14 (/opt/ros/humble/share/ament_lint_auto/cmake)
[0.170s] -- Configuring incomplete, errors occurred!
[0.171s] See also "/home/naveengnanasekar/dev_ws/build/my_robot/CMakeFiles/CMakeOutput.log".
[0.171s] [31mCMake Error at /opt/ros/humble/share/ament_cmake_core/cmake/core/ament_package_xml.cmake:53 (message):
[0.171s]   ament_package_xml() package name 'my_robot' in '/package.xml' does not
[0.171s]   match current PROJECT_NAME 'Project'.  You must call project() with the
[0.171s]   same package name before.
[0.171s] Call Stack (most recent call first):
[0.171s]   /opt/ros/humble/share/ament_lint_auto/cmake/ament_lint_auto_find_test_dependencies.cmake:31 (ament_package_xml)
[0.171s]   CMakeLists.txt:29 (ament_lint_auto_find_test_dependencies)
[0.171s] 
[0.171s] [0m
[0.171s] [31mCMake Error in CMakeLists.txt:
[0.171s]   No cmake_minimum_required command is present.  A line of code such as
[0.171s] 
[0.171s]     cmake_minimum_required(VERSION 3.22)
[0.171s] 
[0.171s]   should be added at the top of the file.  The version specified may be lower
[0.171s]   if you wish to support older CMake versions for this project.  For more
[0.171s]   information run "cmake --help-policy CMP0000".
[0.171s] 
[0.171s] [0m
[0.173s] gmake: *** [Makefile:226: cmake_check_build_system] Error 1
[0.175s] Invoked command in '/home/naveengnanasekar/dev_ws/build/my_robot' returned '2': CMAKE_PREFIX_PATH=${CMAKE_PREFIX_PATH}:/opt/ros/humble /usr/bin/cmake --build /home/naveengnanasekar/dev_ws/build/my_robot -- -j8 -l8
