[0.031s] Invoking command in '/home/naveengnanasekar/dev_ws/build/my_bot': CMAKE_PREFIX_PATH=/opt/ros/humble /usr/bin/cmake /home/naveengnanasekar/dev_ws/src/my_robot -DAMENT_CMAKE_SYMLINK_INSTALL=1 -DCMAKE_INSTALL_PREFIX=/home/naveengnanasekar/dev_ws/install/my_bot
[0.048s] -- Found ament_cmake: 1.3.12 (/opt/ros/humble/share/ament_cmake/cmake)
[0.148s] -- Override CMake install command with custom implementation using symlinks instead of copying resources
[0.163s] -- Found ament_lint_auto: 0.12.14 (/opt/ros/humble/share/ament_lint_auto/cmake)
[0.222s] -- Added test 'copyright' to check source files copyright and LICENSE
[0.226s] -- Added test 'flake8' to check Python code syntax and style conventions
[0.227s] -- Added test 'lint_cmake' to check CMake code style
[0.227s] -- Added test 'pep257' to check Python code against some of the docstring style conventions in PEP 257
[0.229s] -- Added test 'xmllint' to check XML markup files
[0.231s] -- Configuring done
[0.237s] -- Generating done
[0.239s] -- Build files have been written to: /home/naveengnanasekar/dev_ws/build/my_bot
[0.241s] Invoked command in '/home/naveengnanasekar/dev_ws/build/my_bot' returned '0': CMAKE_PREFIX_PATH=/opt/ros/humble /usr/bin/cmake /home/naveengnanasekar/dev_ws/src/my_robot -DAMENT_CMAKE_SYMLINK_INSTALL=1 -DCMAKE_INSTALL_PREFIX=/home/naveengnanasekar/dev_ws/install/my_bot
[0.243s] Invoking command in '/home/naveengnanasekar/dev_ws/build/my_bot': CMAKE_PREFIX_PATH=/opt/ros/humble /usr/bin/cmake --build /home/naveengnanasekar/dev_ws/build/my_bot -- -j8 -l8
[0.276s] Invoked command in '/home/naveengnanasekar/dev_ws/build/my_bot' returned '0': CMAKE_PREFIX_PATH=/opt/ros/humble /usr/bin/cmake --build /home/naveengnanasekar/dev_ws/build/my_bot -- -j8 -l8
[0.285s] Invoking command in '/home/naveengnanasekar/dev_ws/build/my_bot': CMAKE_PREFIX_PATH=/opt/ros/humble /usr/bin/cmake --install /home/naveengnanasekar/dev_ws/build/my_bot
[0.290s] -- Install configuration: ""
[0.291s] -- Execute custom install script
[0.291s] -- Symlinking: /home/naveengnanasekar/dev_ws/install/my_bot/share/my_bot/config/empty.yaml
[0.299s] -- Symlinking: /home/naveengnanasekar/dev_ws/install/my_bot/share/my_bot/description/robot.urdf.xacro
[0.307s] -- Symlinking: /home/naveengnanasekar/dev_ws/install/my_bot/share/my_bot/description/robot_core.xacro
[0.314s] -- Symlinking: /home/naveengnanasekar/dev_ws/install/my_bot/share/my_bot/launch/rsp.launch.py
[0.322s] -- Symlinking: /home/naveengnanasekar/dev_ws/install/my_bot/share/my_bot/worlds/empty.world
[0.331s] -- Symlinking: /home/naveengnanasekar/dev_ws/install/my_bot/share/ament_index/resource_index/package_run_dependencies/my_bot
[0.339s] -- Symlinking: /home/naveengnanasekar/dev_ws/install/my_bot/share/ament_index/resource_index/parent_prefix_path/my_bot
[0.346s] -- Symlinking: /home/naveengnanasekar/dev_ws/install/my_bot/share/my_bot/environment/ament_prefix_path.sh
[0.354s] -- Symlinking: /home/naveengnanasekar/dev_ws/install/my_bot/share/my_bot/environment/ament_prefix_path.dsv
[0.362s] -- Symlinking: /home/naveengnanasekar/dev_ws/install/my_bot/share/my_bot/environment/path.sh
[0.369s] -- Symlinking: /home/naveengnanasekar/dev_ws/install/my_bot/share/my_bot/environment/path.dsv
[0.377s] -- Symlinking: /home/naveengnanasekar/dev_ws/install/my_bot/share/my_bot/local_setup.bash
[0.385s] -- Symlinking: /home/naveengnanasekar/dev_ws/install/my_bot/share/my_bot/local_setup.sh
[0.392s] -- Symlinking: /home/naveengnanasekar/dev_ws/install/my_bot/share/my_bot/local_setup.zsh
[0.400s] -- Symlinking: /home/naveengnanasekar/dev_ws/install/my_bot/share/my_bot/local_setup.dsv
[0.408s] -- Symlinking: /home/naveengnanasekar/dev_ws/install/my_bot/share/my_bot/package.dsv
[0.415s] -- Symlinking: /home/naveengnanasekar/dev_ws/install/my_bot/share/ament_index/resource_index/packages/my_bot
[0.423s] -- Symlinking: /home/naveengnanasekar/dev_ws/install/my_bot/share/my_bot/cmake/my_botConfig.cmake
[0.431s] -- Symlinking: /home/naveengnanasekar/dev_ws/install/my_bot/share/my_bot/cmake/my_botConfig-version.cmake
[0.439s] -- Symlinking: /home/naveengnanasekar/dev_ws/install/my_bot/share/my_bot/package.xml
[0.449s] Invoked command in '/home/naveengnanasekar/dev_ws/build/my_bot' returned '0': CMAKE_PREFIX_PATH=/opt/ros/humble /usr/bin/cmake --install /home/naveengnanasekar/dev_ws/build/my_bot
