[0.007s] Invoking command in '/home/naveengnanasekar/dev_ws/build/my_robot': CMAKE_PREFIX_PATH=/opt/ros/humble /usr/bin/cmake /home/naveengnanasekar/dev_ws/src/my_robot -DCMAKE_INSTALL_PREFIX=/home/naveengnanasekar/dev_ws/install/my_robot
[0.081s] -- The C compiler identification is GNU 11.4.0
[0.129s] -- The CXX compiler identification is GNU 11.4.0
[0.135s] -- Detecting C compiler ABI info
[0.204s] -- Detecting C compiler ABI info - done
[0.210s] -- Check for working C compiler: /usr/bin/cc - skipped
[0.210s] -- Detecting C compile features
[0.210s] -- Detecting C compile features - done
[0.213s] -- Detecting CXX compiler ABI info
[0.289s] -- Detecting CXX compiler ABI info - done
[0.295s] -- Check for working CXX compiler: /usr/bin/c++ - skipped
[0.295s] -- Detecting CXX compile features
[0.295s] -- Detecting CXX compile features - done
[0.298s] -- Found ament_cmake: 1.3.12 (/opt/ros/humble/share/ament_cmake/cmake)
[0.421s] -- Found Python3: /usr/bin/python3 (found version "3.10.12") found components: Interpreter 
[0.501s] -- Found ament_lint_auto: 0.12.14 (/opt/ros/humble/share/ament_lint_auto/cmake)
[0.566s] -- Added test 'flake8' to check Python code syntax and style conventions
[0.567s] -- Added test 'lint_cmake' to check CMake code style
[0.567s] -- Added test 'pep257' to check Python code against some of the docstring style conventions in PEP 257
[0.569s] -- Added test 'xmllint' to check XML markup files
[0.570s] -- Configuring done
[0.572s] -- Generating done
[0.574s] -- Build files have been written to: /home/naveengnanasekar/dev_ws/build/my_robot
[0.578s] Invoked command in '/home/naveengnanasekar/dev_ws/build/my_robot' returned '0': CMAKE_PREFIX_PATH=/opt/ros/humble /usr/bin/cmake /home/naveengnanasekar/dev_ws/src/my_robot -DCMAKE_INSTALL_PREFIX=/home/naveengnanasekar/dev_ws/install/my_robot
[0.579s] Invoking command in '/home/naveengnanasekar/dev_ws/build/my_robot': CMAKE_PREFIX_PATH=/opt/ros/humble /usr/bin/cmake --build /home/naveengnanasekar/dev_ws/build/my_robot -- -j8 -l8
[0.613s] Invoked command in '/home/naveengnanasekar/dev_ws/build/my_robot' returned '0': CMAKE_PREFIX_PATH=/opt/ros/humble /usr/bin/cmake --build /home/naveengnanasekar/dev_ws/build/my_robot -- -j8 -l8
[0.623s] Invoking command in '/home/naveengnanasekar/dev_ws/build/my_robot': CMAKE_PREFIX_PATH=/opt/ros/humble /usr/bin/cmake --install /home/naveengnanasekar/dev_ws/build/my_robot
[0.630s] -- Install configuration: ""
[0.630s] -- Installing: /home/naveengnanasekar/dev_ws/install/my_robot/share/ament_index/resource_index/package_run_dependencies/my_robot
[0.630s] -- Installing: /home/naveengnanasekar/dev_ws/install/my_robot/share/ament_index/resource_index/parent_prefix_path/my_robot
[0.630s] -- Installing: /home/naveengnanasekar/dev_ws/install/my_robot/share/my_robot/environment/ament_prefix_path.sh
[0.630s] -- Installing: /home/naveengnanasekar/dev_ws/install/my_robot/share/my_robot/environment/ament_prefix_path.dsv
[0.631s] -- Installing: /home/naveengnanasekar/dev_ws/install/my_robot/share/my_robot/environment/path.sh
[0.631s] -- Installing: /home/naveengnanasekar/dev_ws/install/my_robot/share/my_robot/environment/path.dsv
[0.631s] -- Installing: /home/naveengnanasekar/dev_ws/install/my_robot/share/my_robot/local_setup.bash
[0.631s] -- Installing: /home/naveengnanasekar/dev_ws/install/my_robot/share/my_robot/local_setup.sh
[0.631s] -- Installing: /home/naveengnanasekar/dev_ws/install/my_robot/share/my_robot/local_setup.zsh
[0.631s] -- Installing: /home/naveengnanasekar/dev_ws/install/my_robot/share/my_robot/local_setup.dsv
[0.631s] -- Installing: /home/naveengnanasekar/dev_ws/install/my_robot/share/my_robot/package.dsv
[0.632s] -- Installing: /home/naveengnanasekar/dev_ws/install/my_robot/share/ament_index/resource_index/packages/my_robot
[0.632s] -- Installing: /home/naveengnanasekar/dev_ws/install/my_robot/share/my_robot/cmake/my_robotConfig.cmake
[0.632s] -- Installing: /home/naveengnanasekar/dev_ws/install/my_robot/share/my_robot/cmake/my_robotConfig-version.cmake
[0.632s] -- Installing: /home/naveengnanasekar/dev_ws/install/my_robot/share/my_robot/package.xml
[0.635s] Invoked command in '/home/naveengnanasekar/dev_ws/build/my_robot' returned '0': CMAKE_PREFIX_PATH=/opt/ros/humble /usr/bin/cmake --install /home/naveengnanasekar/dev_ws/build/my_robot
