[0.013s] Invoking command in '/home/naveengnanasekar/dev_ws/build/nav2_util': AMENT_PREFIX_PATH=/home/naveengnanasekar/dev_ws/install/nav2_msgs:/home/naveengnanasekar/dev_ws/install/nav2_common:${AMENT_PREFIX_PATH} CMAKE_PREFIX_PATH=/home/naveengnanasekar/dev_ws/install/nav2_msgs:/home/naveengnanasekar/dev_ws/install/nav2_common:/home/naveengnanasekar/dev_ws/install/my_robot:/home/naveengnanasekar/dev_ws/install/my_bot:/opt/ros/humble LD_LIBRARY_PATH=/home/naveengnanasekar/dev_ws/install/nav2_msgs/lib:${LD_LIBRARY_PATH} PYTHONPATH=/home/naveengnanasekar/dev_ws/install/nav2_msgs/local/lib/python3.10/dist-packages:/home/naveengnanasekar/dev_ws/install/nav2_common/local/lib/python3.10/dist-packages:${PYTHONPATH} /usr/bin/cmake /home/naveengnanasekar/dev_ws/src/navigation2/nav2_util -DAMENT_CMAKE_SYMLINK_INSTALL=1 -DCMAKE_INSTALL_PREFIX=/home/naveengnanasekar/dev_ws/install/nav2_util
[0.086s] -- The C compiler identification is GNU 11.4.0
[0.148s] -- The CXX compiler identification is GNU 11.4.0
[0.157s] -- Detecting C compiler ABI info
[0.235s] -- Detecting C compiler ABI info - done
[0.242s] -- Check for working C compiler: /usr/bin/cc - skipped
[0.242s] -- Detecting C compile features
[0.242s] -- Detecting C compile features - done
[0.245s] -- Detecting CXX compiler ABI info
[0.348s] -- Detecting CXX compiler ABI info - done
[0.358s] -- Check for working CXX compiler: /usr/bin/c++ - skipped
[0.358s] -- Detecting CXX compile features
[0.358s] -- Detecting CXX compile features - done
[0.361s] -- Found ament_cmake: 1.3.12 (/opt/ros/humble/share/ament_cmake/cmake)
[0.522s] -- Found Python3: /usr/bin/python3 (found version "3.10.12") found components: Interpreter 
[0.593s] -- Override CMake install command with custom implementation using symlinks instead of copying resources
[0.623s] -- Found nav2_common: 1.1.18 (/home/naveengnanasekar/dev_ws/install/nav2_common/share/nav2_common/cmake)
[0.624s] -- Found nav2_msgs: 1.1.18 (/home/naveengnanasekar/dev_ws/install/nav2_msgs/share/nav2_msgs/cmake)
[0.658s] -- Found rosidl_generator_c: 3.1.7 (/opt/ros/humble/share/rosidl_generator_c/cmake)
[0.664s] -- Found rosidl_adapter: 3.1.7 (/opt/ros/humble/share/rosidl_adapter/cmake)
[0.673s] -- Found rosidl_generator_cpp: 3.1.7 (/opt/ros/humble/share/rosidl_generator_cpp/cmake)
[0.685s] -- Using all available rosidl_typesupport_c: rosidl_typesupport_fastrtps_c;rosidl_typesupport_introspection_c
[0.701s] -- Using all available rosidl_typesupport_cpp: rosidl_typesupport_fastrtps_cpp;rosidl_typesupport_introspection_cpp
[0.807s] -- Found tf2_ros: 0.25.15 (/opt/ros/humble/share/tf2_ros/cmake)
[0.880s] -- Found rmw_implementation_cmake: 6.1.2 (/opt/ros/humble/share/rmw_implementation_cmake/cmake)
[0.883s] -- Found rmw_fastrtps_cpp: 6.2.8 (/opt/ros/humble/share/rmw_fastrtps_cpp/cmake)
[0.988s] -- Found OpenSSL: /usr/lib/x86_64-linux-gnu/libcrypto.so (found version "3.0.2")  
[1.020s] -- Found FastRTPS: /opt/ros/humble/include  
[1.071s] -- Using RMW implementation 'rmw_fastrtps_cpp' as default
[1.081s] -- Looking for pthread.h
[1.167s] -- Looking for pthread.h - found
[1.167s] -- Performing Test CMAKE_HAVE_LIBC_PTHREAD
[1.263s] -- Performing Test CMAKE_HAVE_LIBC_PTHREAD - Success
[1.263s] -- Found Threads: TRUE  
[1.349s] -- Found tf2_geometry_msgs: 0.25.15 (/opt/ros/humble/share/tf2_geometry_msgs/cmake)
[1.368s] -- Found eigen3_cmake_module: 0.1.1 (/opt/ros/humble/share/eigen3_cmake_module/cmake)
[1.370s] -- Found Eigen3: TRUE (found version "3.4.0") 
[1.370s] -- Ensuring Eigen3 include directory is part of orocos-kdl CMake target
[1.374s] -- Found lifecycle_msgs: 1.2.2 (/opt/ros/humble/share/lifecycle_msgs/cmake)
[1.386s] -- Found rclcpp_lifecycle: 16.0.14 (/opt/ros/humble/share/rclcpp_lifecycle/cmake)
[1.396s] -- Found bondcpp: 4.1.2 (/opt/ros/humble/share/bondcpp/cmake)
[1.417s] -- Setting build type to Release as none was specified.
[1.437s] -- Found Boost: /usr/lib/x86_64-linux-gnu/cmake/Boost-1.74.0/BoostConfig.cmake (found version "1.74.0") found components: program_options 
[1.442s] -- Found ament_lint_auto: 0.12.14 (/opt/ros/humble/share/ament_lint_auto/cmake)
[1.444s] -- Found ament_cmake_pytest: 1.3.12 (/opt/ros/humble/share/ament_cmake_pytest/cmake)
[1.446s] -- Found launch_testing_ament_cmake: 1.0.10 (/opt/ros/humble/share/launch_testing_ament_cmake/cmake)
[1.448s] -- Found python_cmake_module: 0.10.0 (/opt/ros/humble/share/python_cmake_module/cmake)
[1.468s] -- Found PythonInterp: /usr/bin/python3 (found suitable version "3.10.12", minimum required is "3.6") 
[1.473s] -- Found PythonLibs: /usr/lib/x86_64-linux-gnu/libpython3.10.so (found suitable version "3.10.12", minimum required is "3.5") 
[1.473s] -- Using PYTHON_EXECUTABLE: /usr/bin/python3
[1.474s] -- Using PYTHON_INCLUDE_DIRS: /usr/include/python3.10
[1.474s] -- Using PYTHON_LIBRARIES: /usr/lib/x86_64-linux-gnu/libpython3.10.so
[1.494s] -- Found PythonExtra: .so  
[1.629s] -- Found gtest sources under '/opt/ros/humble/src/gtest_vendor': C++ tests using 'Google Test' will be built
[1.644s] [31mCMake Error at test/CMakeLists.txt:7 (find_package):
[1.645s]   By not providing "Findtest_msgs.cmake" in CMAKE_MODULE_PATH this project
[1.645s]   has asked CMake to find a package configuration file provided by
[1.645s]   "test_msgs", but CMake did not find one.
[1.645s] 
[1.645s]   Could not find a package configuration file provided by "test_msgs" with
[1.645s]   any of the following names:
[1.645s] 
[1.645s]     test_msgsConfig.cmake
[1.645s]     test_msgs-config.cmake
[1.645s] 
[1.645s]   Add the installation prefix of "test_msgs" to CMAKE_PREFIX_PATH or set
[1.645s]   "test_msgs_DIR" to a directory containing one of the above files.  If
[1.645s]   "test_msgs" provides a separate development package or SDK, be sure it has
[1.645s]   been installed.
[1.645s] 
[1.645s] [0m
[1.645s] -- Configuring incomplete, errors occurred!
[1.645s] See also "/home/naveengnanasekar/dev_ws/build/nav2_util/CMakeFiles/CMakeOutput.log".
[1.663s] Invoked command in '/home/naveengnanasekar/dev_ws/build/nav2_util' returned '1': AMENT_PREFIX_PATH=/home/naveengnanasekar/dev_ws/install/nav2_msgs:/home/naveengnanasekar/dev_ws/install/nav2_common:${AMENT_PREFIX_PATH} CMAKE_PREFIX_PATH=/home/naveengnanasekar/dev_ws/install/nav2_msgs:/home/naveengnanasekar/dev_ws/install/nav2_common:/home/naveengnanasekar/dev_ws/install/my_robot:/home/naveengnanasekar/dev_ws/install/my_bot:/opt/ros/humble LD_LIBRARY_PATH=/home/naveengnanasekar/dev_ws/install/nav2_msgs/lib:${LD_LIBRARY_PATH} PYTHONPATH=/home/naveengnanasekar/dev_ws/install/nav2_msgs/local/lib/python3.10/dist-packages:/home/naveengnanasekar/dev_ws/install/nav2_common/local/lib/python3.10/dist-packages:${PYTHONPATH} /usr/bin/cmake /home/naveengnanasekar/dev_ws/src/navigation2/nav2_util -DAMENT_CMAKE_SYMLINK_INSTALL=1 -DCMAKE_INSTALL_PREFIX=/home/naveengnanasekar/dev_ws/install/nav2_util
