[0.008s] Invoking command in '/home/naveengnanasekar/dev_ws/build/my_robot': CMAKE_PREFIX_PATH=${CMAKE_PREFIX_PATH}:/opt/ros/humble /usr/bin/cmake --build /home/naveengnanasekar/dev_ws/build/my_robot -- -j8 -l8
[0.027s] -- Found ament_cmake: 1.3.12 (/opt/ros/humble/share/ament_cmake/cmake)
[0.116s] -- Override CMake install command with custom implementation using symlinks instead of copying resources
[0.122s] -- Found ament_lint_auto: 0.12.14 (/opt/ros/humble/share/ament_lint_auto/cmake)
[0.174s] -- Added test 'flake8' to check Python code syntax and style conventions
[0.174s] -- Added test 'lint_cmake' to check CMake code style
[0.175s] -- Added test 'pep257' to check Python code against some of the docstring style conventions in PEP 257
[0.176s] -- Added test 'xmllint' to check XML markup files
[0.177s] -- Configuring done
[0.179s] -- Generating done
[0.180s] -- Build files have been written to: /home/naveengnanasekar/dev_ws/build/my_robot
[0.199s] Invoked command in '/home/naveengnanasekar/dev_ws/build/my_robot' returned '0': CMAKE_PREFIX_PATH=${CMAKE_PREFIX_PATH}:/opt/ros/humble /usr/bin/cmake --build /home/naveengnanasekar/dev_ws/build/my_robot -- -j8 -l8
[0.208s] Invoking command in '/home/naveengnanasekar/dev_ws/build/my_robot': CMAKE_PREFIX_PATH=${CMAKE_PREFIX_PATH}:/opt/ros/humble /usr/bin/cmake --install /home/naveengnanasekar/dev_ws/build/my_robot
[0.214s] -- Install configuration: ""
[0.214s] -- Execute custom install script
[0.214s] -- Up-to-date symlink: /home/naveengnanasekar/dev_ws/install/my_robot/share/ament_index/resource_index/package_run_dependencies/my_robot
[0.215s] -- Up-to-date symlink: /home/naveengnanasekar/dev_ws/install/my_robot/share/ament_index/resource_index/parent_prefix_path/my_robot
[0.215s] -- Up-to-date symlink: /home/naveengnanasekar/dev_ws/install/my_robot/share/my_robot/environment/ament_prefix_path.sh
[0.215s] -- Up-to-date symlink: /home/naveengnanasekar/dev_ws/install/my_robot/share/my_robot/environment/ament_prefix_path.dsv
[0.215s] -- Up-to-date symlink: /home/naveengnanasekar/dev_ws/install/my_robot/share/my_robot/environment/path.sh
[0.215s] -- Up-to-date symlink: /home/naveengnanasekar/dev_ws/install/my_robot/share/my_robot/environment/path.dsv
[0.215s] -- Up-to-date symlink: /home/naveengnanasekar/dev_ws/install/my_robot/share/my_robot/local_setup.bash
[0.215s] -- Up-to-date symlink: /home/naveengnanasekar/dev_ws/install/my_robot/share/my_robot/local_setup.sh
[0.215s] -- Up-to-date symlink: /home/naveengnanasekar/dev_ws/install/my_robot/share/my_robot/local_setup.zsh
[0.215s] -- Up-to-date symlink: /home/naveengnanasekar/dev_ws/install/my_robot/share/my_robot/local_setup.dsv
[0.216s] -- Symlinking: /home/naveengnanasekar/dev_ws/install/my_robot/share/my_robot/package.dsv
[0.223s] -- Up-to-date symlink: /home/naveengnanasekar/dev_ws/install/my_robot/share/ament_index/resource_index/packages/my_robot
[0.223s] -- Up-to-date symlink: /home/naveengnanasekar/dev_ws/install/my_robot/share/my_robot/cmake/my_robotConfig.cmake
[0.223s] -- Up-to-date symlink: /home/naveengnanasekar/dev_ws/install/my_robot/share/my_robot/cmake/my_robotConfig-version.cmake
[0.223s] -- Up-to-date symlink: /home/naveengnanasekar/dev_ws/install/my_robot/share/my_robot/package.xml
[0.224s] -- Symlinking: /home/naveengnanasekar/dev_ws/install/my_robot/share/my_robot//launch/rsp.launch.py
[0.234s] Invoked command in '/home/naveengnanasekar/dev_ws/build/my_robot' returned '0': CMAKE_PREFIX_PATH=${CMAKE_PREFIX_PATH}:/opt/ros/humble /usr/bin/cmake --install /home/naveengnanasekar/dev_ws/build/my_robot
