[0.008s] Invoking command in '/home/naveengnanasekar/dev_ws/build/nav2_voxel_grid': AMENT_PREFIX_PATH=/home/naveengnanasekar/dev_ws/install/nav2_common:${AMENT_PREFIX_PATH} CMAKE_PREFIX_PATH=/home/naveengnanasekar/dev_ws/install/nav2_common:/home/naveengnanasekar/dev_ws/install/my_robot:/home/naveengnanasekar/dev_ws/install/my_bot:/opt/ros/humble PYTHONPATH=/home/naveengnanasekar/dev_ws/install/nav2_common/local/lib/python3.10/dist-packages:${PYTHONPATH} /usr/bin/cmake /home/naveengnanasekar/dev_ws/src/navigation2/nav2_voxel_grid -DAMENT_CMAKE_SYMLINK_INSTALL=1 -DCMAKE_INSTALL_PREFIX=/home/naveengnanasekar/dev_ws/install/nav2_voxel_grid
[0.064s] -- The C compiler identification is GNU 11.4.0
[0.124s] -- The CXX compiler identification is GNU 11.4.0
[0.133s] -- Detecting C compiler ABI info
[0.201s] -- Detecting C compiler ABI info - done
[0.207s] -- Check for working C compiler: /usr/bin/cc - skipped
[0.207s] -- Detecting C compile features
[0.208s] -- Detecting C compile features - done
[0.210s] -- Detecting CXX compiler ABI info
[0.293s] -- Detecting CXX compiler ABI info - done
[0.299s] -- Check for working CXX compiler: /usr/bin/c++ - skipped
[0.299s] -- Detecting CXX compile features
[0.299s] -- Detecting CXX compile features - done
[0.302s] -- Found ament_cmake: 1.3.12 (/opt/ros/humble/share/ament_cmake/cmake)
[0.452s] -- Found Python3: /usr/bin/python3 (found version "3.10.12") found components: Interpreter 
[0.519s] -- Override CMake install command with custom implementation using symlinks instead of copying resources
[0.544s] -- Found nav2_common: 1.1.18 (/home/naveengnanasekar/dev_ws/install/nav2_common/share/nav2_common/cmake)
[0.548s] -- Found rclcpp: 16.0.14 (/opt/ros/humble/share/rclcpp/cmake)
[0.588s] -- Found rosidl_generator_c: 3.1.7 (/opt/ros/humble/share/rosidl_generator_c/cmake)
[0.593s] -- Found rosidl_adapter: 3.1.7 (/opt/ros/humble/share/rosidl_adapter/cmake)
[0.600s] -- Found rosidl_generator_cpp: 3.1.7 (/opt/ros/humble/share/rosidl_generator_cpp/cmake)
[0.610s] -- Using all available rosidl_typesupport_c: rosidl_typesupport_fastrtps_c;rosidl_typesupport_introspection_c
[0.624s] -- Using all available rosidl_typesupport_cpp: rosidl_typesupport_fastrtps_cpp;rosidl_typesupport_introspection_cpp
[0.674s] -- Found rmw_implementation_cmake: 6.1.2 (/opt/ros/humble/share/rmw_implementation_cmake/cmake)
[0.678s] -- Found rmw_fastrtps_cpp: 6.2.8 (/opt/ros/humble/share/rmw_fastrtps_cpp/cmake)
[0.784s] -- Found OpenSSL: /usr/lib/x86_64-linux-gnu/libcrypto.so (found version "3.0.2")  
[0.825s] -- Found FastRTPS: /opt/ros/humble/include  
[0.879s] -- Using RMW implementation 'rmw_fastrtps_cpp' as default
[0.897s] -- Looking for pthread.h
[1.014s] -- Looking for pthread.h - found
[1.014s] -- Performing Test CMAKE_HAVE_LIBC_PTHREAD
[1.115s] -- Performing Test CMAKE_HAVE_LIBC_PTHREAD - Success
[1.116s] -- Found Threads: TRUE  
[1.195s] -- Setting build type to Release as none was specified.
[1.199s] -- Found ament_lint_auto: 0.12.14 (/opt/ros/humble/share/ament_lint_auto/cmake)
[1.309s] -- Found gtest sources under '/opt/ros/humble/src/gtest_vendor': C++ tests using 'Google Test' will be built
[1.323s] -- Added test 'cppcheck' to perform static code analysis on C / C++ code
[1.323s] -- Configured cppcheck include dirs: /home/naveengnanasekar/dev_ws/src/navigation2/nav2_voxel_grid/include
[1.323s] -- Configured cppcheck exclude dirs and/or files: 
[1.327s] -- Added test 'cpplint' to check C / C++ code against the Google style
[1.327s] -- Configured cpplint exclude dirs and/or files: 
[1.327s] -- Added test 'lint_cmake' to check CMake code style
[1.327s] -- Added test 'uncrustify' to check C / C++ code style
[1.327s] -- Configured uncrustify additional arguments: 
[1.328s] -- Added test 'xmllint' to check XML markup files
[1.333s] -- Configuring done
[1.359s] -- Generating done
[1.370s] -- Build files have been written to: /home/naveengnanasekar/dev_ws/build/nav2_voxel_grid
[1.398s] Invoked command in '/home/naveengnanasekar/dev_ws/build/nav2_voxel_grid' returned '0': AMENT_PREFIX_PATH=/home/naveengnanasekar/dev_ws/install/nav2_common:${AMENT_PREFIX_PATH} CMAKE_PREFIX_PATH=/home/naveengnanasekar/dev_ws/install/nav2_common:/home/naveengnanasekar/dev_ws/install/my_robot:/home/naveengnanasekar/dev_ws/install/my_bot:/opt/ros/humble PYTHONPATH=/home/naveengnanasekar/dev_ws/install/nav2_common/local/lib/python3.10/dist-packages:${PYTHONPATH} /usr/bin/cmake /home/naveengnanasekar/dev_ws/src/navigation2/nav2_voxel_grid -DAMENT_CMAKE_SYMLINK_INSTALL=1 -DCMAKE_INSTALL_PREFIX=/home/naveengnanasekar/dev_ws/install/nav2_voxel_grid
[1.404s] Invoking command in '/home/naveengnanasekar/dev_ws/build/nav2_voxel_grid': AMENT_PREFIX_PATH=/home/naveengnanasekar/dev_ws/install/nav2_common:${AMENT_PREFIX_PATH} CMAKE_PREFIX_PATH=/home/naveengnanasekar/dev_ws/install/nav2_common:/home/naveengnanasekar/dev_ws/install/my_robot:/home/naveengnanasekar/dev_ws/install/my_bot:/opt/ros/humble PYTHONPATH=/home/naveengnanasekar/dev_ws/install/nav2_common/local/lib/python3.10/dist-packages:${PYTHONPATH} /usr/bin/cmake --build /home/naveengnanasekar/dev_ws/build/nav2_voxel_grid -- -j8 -l8
[1.504s] [ 10%] [32mBuilding CXX object CMakeFiles/voxel_grid.dir/src/voxel_grid.cpp.o[0m
[1.512s] [ 20%] [32mBuilding CXX object gtest/CMakeFiles/gtest_main.dir/src/gtest_main.cc.o[0m
[1.523s] [ 30%] [32mBuilding CXX object gtest/CMakeFiles/gtest.dir/src/gtest-all.cc.o[0m
[5.136s] [ 40%] [32m[1mLinking CXX static library libgtest_main.a[0m
[5.279s] [ 40%] Built target gtest_main
[9.062s] [ 50%] [32m[1mLinking CXX shared library libvoxel_grid.so[0m
[9.326s] [ 50%] Built target voxel_grid
[16.537s] [ 60%] [32m[1mLinking CXX static library libgtest.a[0m
[16.679s] [ 60%] Built target gtest
[16.777s] [ 70%] [32mBuilding CXX object test/CMakeFiles/voxel_grid_bresenham_3d.dir/voxel_grid_bresenham_3d.cpp.o[0m
[16.792s] [ 80%] [32mBuilding CXX object test/CMakeFiles/voxel_grid_tests.dir/voxel_grid_tests.cpp.o[0m
[36.322s] [ 90%] [32m[1mLinking CXX executable voxel_grid_tests[0m
[37.107s] [ 90%] Built target voxel_grid_tests
[41.373s] [100%] [32m[1mLinking CXX executable voxel_grid_bresenham_3d[0m
[42.095s] [100%] Built target voxel_grid_bresenham_3d
[42.138s] Invoked command in '/home/naveengnanasekar/dev_ws/build/nav2_voxel_grid' returned '0': AMENT_PREFIX_PATH=/home/naveengnanasekar/dev_ws/install/nav2_common:${AMENT_PREFIX_PATH} CMAKE_PREFIX_PATH=/home/naveengnanasekar/dev_ws/install/nav2_common:/home/naveengnanasekar/dev_ws/install/my_robot:/home/naveengnanasekar/dev_ws/install/my_bot:/opt/ros/humble PYTHONPATH=/home/naveengnanasekar/dev_ws/install/nav2_common/local/lib/python3.10/dist-packages:${PYTHONPATH} /usr/bin/cmake --build /home/naveengnanasekar/dev_ws/build/nav2_voxel_grid -- -j8 -l8
[42.139s] Invoking command in '/home/naveengnanasekar/dev_ws/build/nav2_voxel_grid': AMENT_PREFIX_PATH=/home/naveengnanasekar/dev_ws/install/nav2_common:${AMENT_PREFIX_PATH} CMAKE_PREFIX_PATH=/home/naveengnanasekar/dev_ws/install/nav2_common:/home/naveengnanasekar/dev_ws/install/my_robot:/home/naveengnanasekar/dev_ws/install/my_bot:/opt/ros/humble PYTHONPATH=/home/naveengnanasekar/dev_ws/install/nav2_common/local/lib/python3.10/dist-packages:${PYTHONPATH} /usr/bin/cmake --install /home/naveengnanasekar/dev_ws/build/nav2_voxel_grid
[42.204s] -- Install configuration: "Release"
[42.204s] -- Execute custom install script
[42.204s] -- Symlinking: /home/naveengnanasekar/dev_ws/install/nav2_voxel_grid/lib/libvoxel_grid.so
[42.244s] -- Symlinking: /home/naveengnanasekar/dev_ws/install/nav2_voxel_grid/include/nav2_voxel_grid/voxel_grid.hpp
[42.303s] -- Symlinking: /home/naveengnanasekar/dev_ws/install/nav2_voxel_grid/share/nav2_voxel_grid/environment/library_path.sh
[42.334s] -- Symlinking: /home/naveengnanasekar/dev_ws/install/nav2_voxel_grid/share/nav2_voxel_grid/environment/library_path.dsv
[42.373s] -- Symlinking: /home/naveengnanasekar/dev_ws/install/nav2_voxel_grid/share/ament_index/resource_index/package_run_dependencies/nav2_voxel_grid
[42.402s] -- Symlinking: /home/naveengnanasekar/dev_ws/install/nav2_voxel_grid/share/ament_index/resource_index/parent_prefix_path/nav2_voxel_grid
[42.430s] -- Symlinking: /home/naveengnanasekar/dev_ws/install/nav2_voxel_grid/share/nav2_voxel_grid/environment/ament_prefix_path.sh
[42.457s] -- Symlinking: /home/naveengnanasekar/dev_ws/install/nav2_voxel_grid/share/nav2_voxel_grid/environment/ament_prefix_path.dsv
[42.474s] -- Symlinking: /home/naveengnanasekar/dev_ws/install/nav2_voxel_grid/share/nav2_voxel_grid/environment/path.sh
[42.491s] -- Symlinking: /home/naveengnanasekar/dev_ws/install/nav2_voxel_grid/share/nav2_voxel_grid/environment/path.dsv
[42.507s] -- Symlinking: /home/naveengnanasekar/dev_ws/install/nav2_voxel_grid/share/nav2_voxel_grid/local_setup.bash
[42.542s] -- Symlinking: /home/naveengnanasekar/dev_ws/install/nav2_voxel_grid/share/nav2_voxel_grid/local_setup.sh
[42.563s] -- Symlinking: /home/naveengnanasekar/dev_ws/install/nav2_voxel_grid/share/nav2_voxel_grid/local_setup.zsh
[42.610s] -- Symlinking: /home/naveengnanasekar/dev_ws/install/nav2_voxel_grid/share/nav2_voxel_grid/local_setup.dsv
[42.640s] -- Symlinking: /home/naveengnanasekar/dev_ws/install/nav2_voxel_grid/share/nav2_voxel_grid/package.dsv
[42.670s] -- Symlinking: /home/naveengnanasekar/dev_ws/install/nav2_voxel_grid/share/ament_index/resource_index/packages/nav2_voxel_grid
[42.700s] -- Symlinking: /home/naveengnanasekar/dev_ws/install/nav2_voxel_grid/share/nav2_voxel_grid/cmake/ament_cmake_export_dependencies-extras.cmake
[42.719s] -- Symlinking: /home/naveengnanasekar/dev_ws/install/nav2_voxel_grid/share/nav2_voxel_grid/cmake/ament_cmake_export_include_directories-extras.cmake
[42.768s] -- Symlinking: /home/naveengnanasekar/dev_ws/install/nav2_voxel_grid/share/nav2_voxel_grid/cmake/ament_cmake_export_libraries-extras.cmake
[42.804s] -- Symlinking: /home/naveengnanasekar/dev_ws/install/nav2_voxel_grid/share/nav2_voxel_grid/cmake/nav2_voxel_gridConfig.cmake
[42.845s] -- Symlinking: /home/naveengnanasekar/dev_ws/install/nav2_voxel_grid/share/nav2_voxel_grid/cmake/nav2_voxel_gridConfig-version.cmake
[42.895s] -- Symlinking: /home/naveengnanasekar/dev_ws/install/nav2_voxel_grid/share/nav2_voxel_grid/package.xml
[42.938s] Invoked command in '/home/naveengnanasekar/dev_ws/build/nav2_voxel_grid' returned '0': AMENT_PREFIX_PATH=/home/naveengnanasekar/dev_ws/install/nav2_common:${AMENT_PREFIX_PATH} CMAKE_PREFIX_PATH=/home/naveengnanasekar/dev_ws/install/nav2_common:/home/naveengnanasekar/dev_ws/install/my_robot:/home/naveengnanasekar/dev_ws/install/my_bot:/opt/ros/humble PYTHONPATH=/home/naveengnanasekar/dev_ws/install/nav2_common/local/lib/python3.10/dist-packages:${PYTHONPATH} /usr/bin/cmake --install /home/naveengnanasekar/dev_ws/build/nav2_voxel_grid
