-- Found ament_cmake: 1.3.12 (/opt/ros/humble/share/ament_cmake/cmake)
-- Override CMake install command with custom implementation using symlinks instead of copying resources
-- Found ament_lint_auto: 0.12.14 (/opt/ros/humble/share/ament_lint_auto/cmake)
-- Added test 'copyright' to check source files copyright and LICENSE
-- Added test 'flake8' to check Python code syntax and style conventions
-- Added test 'lint_cmake' to check CMake code style
-- Added test 'pep257' to check Python code against some of the docstring style conventions in PEP 257
-- Added test 'xmllint' to check XML markup files
-- Configuring done
-- Generating done
-- Build files have been written to: /home/naveengnanasekar/dev_ws/build/my_bot
-- Install configuration: ""
-- Execute custom install script
-- Up-to-date symlink: /home/naveengnanasekar/dev_ws/install/my_bot/share/my_bot/config/empty.yaml
-- Up-to-date symlink: /home/naveengnanasekar/dev_ws/install/my_bot/share/my_bot/description/robot.urdf.xacro
-- Up-to-date symlink: /home/naveengnanasekar/dev_ws/install/my_bot/share/my_bot/description/robot_core.xacro
-- Up-to-date symlink: /home/naveengnanasekar/dev_ws/install/my_bot/share/my_bot/launch/rsp.launch.py
-- Up-to-date symlink: /home/naveengnanasekar/dev_ws/install/my_bot/share/my_bot/worlds/empty.world
-- Symlinking: /home/naveengnanasekar/dev_ws/install/my_bot/share/my_bot/meshes/base_link.STL
-- Symlinking: /home/naveengnanasekar/dev_ws/install/my_bot/share/my_bot/meshes/turret.STL
-- Symlinking: /home/naveengnanasekar/dev_ws/install/my_bot/share/my_bot/meshes/wheel1.STL
-- Symlinking: /home/naveengnanasekar/dev_ws/install/my_bot/share/my_bot/meshes/wheel2.STL
-- Symlinking: /home/naveengnanasekar/dev_ws/install/my_bot/share/my_bot/meshes/wheel3.STL
-- Symlinking: /home/naveengnanasekar/dev_ws/install/my_bot/share/my_bot/meshes/wheel4.STL
[31mCMake Error at ament_cmake_symlink_install/ament_cmake_symlink_install.cmake:100 (message):
  ament_cmake_symlink_install_directory() can't find
  '/home/naveengnanasekar/dev_ws/src/my_robot/urdf/'
Call Stack (most recent call first):
  ament_cmake_symlink_install/ament_cmake_symlink_install.cmake:320 (ament_cmake_symlink_install_directory)
  cmake_install.cmake:46 (include)

[0m
