[0.008s] Invoking command in '/home/naveengnanasekar/dev_ws/build/my_bot': CMAKE_PREFIX_PATH=/opt/ros/humble /usr/bin/cmake /home/naveengnanasekar/dev_ws/src/my_robot -DCMAKE_INSTALL_PREFIX=/home/naveengnanasekar/dev_ws/install/my_bot
[0.018s] -- Found ament_cmake: 1.3.12 (/opt/ros/humble/share/ament_cmake/cmake)
[0.109s] -- Override CMake install command with custom implementation using symlinks instead of copying resources
[0.115s] -- Found ament_lint_auto: 0.12.14 (/opt/ros/humble/share/ament_lint_auto/cmake)
[0.168s] -- Added test 'copyright' to check source files copyright and LICENSE
[0.170s] -- Added test 'flake8' to check Python code syntax and style conventions
[0.171s] -- Added test 'lint_cmake' to check CMake code style
[0.171s] -- Added test 'pep257' to check Python code against some of the docstring style conventions in PEP 257
[0.172s] -- Added test 'xmllint' to check XML markup files
[0.173s] -- Configuring done
[0.175s] -- Generating done
[0.177s] -- Build files have been written to: /home/naveengnanasekar/dev_ws/build/my_bot
[0.179s] Invoked command in '/home/naveengnanasekar/dev_ws/build/my_bot' returned '0': CMAKE_PREFIX_PATH=/opt/ros/humble /usr/bin/cmake /home/naveengnanasekar/dev_ws/src/my_robot -DCMAKE_INSTALL_PREFIX=/home/naveengnanasekar/dev_ws/install/my_bot
[0.181s] Invoking command in '/home/naveengnanasekar/dev_ws/build/my_bot': CMAKE_PREFIX_PATH=/opt/ros/humble /usr/bin/cmake --build /home/naveengnanasekar/dev_ws/build/my_bot -- -j8 -l8
[0.213s] Invoked command in '/home/naveengnanasekar/dev_ws/build/my_bot' returned '0': CMAKE_PREFIX_PATH=/opt/ros/humble /usr/bin/cmake --build /home/naveengnanasekar/dev_ws/build/my_bot -- -j8 -l8
[0.222s] Invoking command in '/home/naveengnanasekar/dev_ws/build/my_bot': CMAKE_PREFIX_PATH=/opt/ros/humble /usr/bin/cmake --install /home/naveengnanasekar/dev_ws/build/my_bot
[0.229s] -- Install configuration: ""
[0.229s] -- Execute custom install script
[0.229s] -- Up-to-date symlink: /home/naveengnanasekar/dev_ws/install/my_bot/share/my_bot/config/empty.yaml
[0.230s] -- Up-to-date symlink: /home/naveengnanasekar/dev_ws/install/my_bot/share/my_bot/description/robot.urdf.xacro
[0.230s] -- Up-to-date symlink: /home/naveengnanasekar/dev_ws/install/my_bot/share/my_bot/description/robot_core.xacro
[0.230s] -- Up-to-date symlink: /home/naveengnanasekar/dev_ws/install/my_bot/share/my_bot/launch/rsp.launch.py
[0.230s] -- Up-to-date symlink: /home/naveengnanasekar/dev_ws/install/my_bot/share/my_bot/worlds/empty.world
[0.230s] -- Symlinking: /home/naveengnanasekar/dev_ws/install/my_bot/share/my_bot/meshes/base_link.STL
[0.238s] -- Symlinking: /home/naveengnanasekar/dev_ws/install/my_bot/share/my_bot/meshes/turret.STL
[0.246s] -- Symlinking: /home/naveengnanasekar/dev_ws/install/my_bot/share/my_bot/meshes/wheel1.STL
[0.253s] -- Symlinking: /home/naveengnanasekar/dev_ws/install/my_bot/share/my_bot/meshes/wheel2.STL
[0.261s] -- Symlinking: /home/naveengnanasekar/dev_ws/install/my_bot/share/my_bot/meshes/wheel3.STL
[0.269s] -- Symlinking: /home/naveengnanasekar/dev_ws/install/my_bot/share/my_bot/meshes/wheel4.STL
[0.277s] [31mCMake Error at ament_cmake_symlink_install/ament_cmake_symlink_install.cmake:100 (message):
[0.277s]   ament_cmake_symlink_install_directory() can't find
[0.277s]   '/home/naveengnanasekar/dev_ws/src/my_robot/urdf/'
[0.277s] Call Stack (most recent call first):
[0.277s]   ament_cmake_symlink_install/ament_cmake_symlink_install.cmake:320 (ament_cmake_symlink_install_directory)
[0.277s]   cmake_install.cmake:46 (include)
[0.277s] 
[0.277s] [0m
[0.278s] Invoked command in '/home/naveengnanasekar/dev_ws/build/my_bot' returned '1': CMAKE_PREFIX_PATH=/opt/ros/humble /usr/bin/cmake --install /home/naveengnanasekar/dev_ws/build/my_bot
