[0.012s] Invoking command in '/home/naveengnanasekar/dev_ws/build/my_robot': CMAKE_PREFIX_PATH=${CMAKE_PREFIX_PATH}:/opt/ros/humble /usr/bin/cmake /home/naveengnanasekar/dev_ws/src/my_robot -DCMAKE_INSTALL_PREFIX=/home/naveengnanasekar/dev_ws/install/my_robot
[0.142s] -- The C compiler identification is GNU 11.4.0
[0.258s] -- The CXX compiler identification is GNU 11.4.0
[0.269s] -- Detecting C compiler ABI info
[0.365s] -- Detecting C compiler ABI info - done
[0.372s] -- Check for working C compiler: /usr/bin/cc - skipped
[0.372s] -- Detecting C compile features
[0.373s] -- Detecting C compile features - done
[0.376s] -- Detecting CXX compiler ABI info
[0.480s] -- Detecting CXX compiler ABI info - done
[0.485s] -- Check for working CXX compiler: /usr/bin/c++ - skipped
[0.485s] -- Detecting CXX compile features
[0.486s] -- Detecting CXX compile features - done
[0.504s] -- Found ament_cmake: 1.3.12 (/opt/ros/humble/share/ament_cmake/cmake)
[0.683s] -- Found Python3: /usr/bin/python3 (found version "3.10.12") found components: Interpreter 
[0.792s] -- Found ament_lint_auto: 0.12.14 (/opt/ros/humble/share/ament_lint_auto/cmake)
[0.889s] -- Added test 'copyright' to check source files copyright and LICENSE
[0.893s] -- Added test 'flake8' to check Python code syntax and style conventions
[0.893s] -- Added test 'lint_cmake' to check CMake code style
[0.894s] -- Added test 'pep257' to check Python code against some of the docstring style conventions in PEP 257
[0.896s] -- Added test 'xmllint' to check XML markup files
[0.898s] -- Configuring done
[0.901s] -- Generating done
[0.903s] -- Build files have been written to: /home/naveengnanasekar/dev_ws/build/my_robot
[0.912s] Invoked command in '/home/naveengnanasekar/dev_ws/build/my_robot' returned '0': CMAKE_PREFIX_PATH=${CMAKE_PREFIX_PATH}:/opt/ros/humble /usr/bin/cmake /home/naveengnanasekar/dev_ws/src/my_robot -DCMAKE_INSTALL_PREFIX=/home/naveengnanasekar/dev_ws/install/my_robot
[0.914s] Invoking command in '/home/naveengnanasekar/dev_ws/build/my_robot': CMAKE_PREFIX_PATH=${CMAKE_PREFIX_PATH}:/opt/ros/humble /usr/bin/cmake --build /home/naveengnanasekar/dev_ws/build/my_robot -- -j8 -l8
[0.970s] Invoked command in '/home/naveengnanasekar/dev_ws/build/my_robot' returned '0': CMAKE_PREFIX_PATH=${CMAKE_PREFIX_PATH}:/opt/ros/humble /usr/bin/cmake --build /home/naveengnanasekar/dev_ws/build/my_robot -- -j8 -l8
[0.986s] Invoking command in '/home/naveengnanasekar/dev_ws/build/my_robot': CMAKE_PREFIX_PATH=${CMAKE_PREFIX_PATH}:/opt/ros/humble /usr/bin/cmake --install /home/naveengnanasekar/dev_ws/build/my_robot
[0.997s] -- Install configuration: ""
[0.997s] -- Installing: /home/naveengnanasekar/dev_ws/install/my_robot/share/my_robot/config
[0.997s] -- Installing: /home/naveengnanasekar/dev_ws/install/my_robot/share/my_robot/config/empty.yaml
[0.998s] -- Installing: /home/naveengnanasekar/dev_ws/install/my_robot/share/my_robot/description
[0.998s] -- Installing: /home/naveengnanasekar/dev_ws/install/my_robot/share/my_robot/description/gazebo_control.xacro
[0.998s] -- Installing: /home/naveengnanasekar/dev_ws/install/my_robot/share/my_robot/description/robot_core.xacro
[0.998s] -- Installing: /home/naveengnanasekar/dev_ws/install/my_robot/share/my_robot/description/robot.urdf.xacro
[0.998s] -- Installing: /home/naveengnanasekar/dev_ws/install/my_robot/share/my_robot/launch
[0.998s] -- Installing: /home/naveengnanasekar/dev_ws/install/my_robot/share/my_robot/launch/launch_sim.launch.py
[0.999s] -- Installing: /home/naveengnanasekar/dev_ws/install/my_robot/share/my_robot/launch/rsp.launch.py
[0.999s] -- Installing: /home/naveengnanasekar/dev_ws/install/my_robot/share/my_robot/worlds
[0.999s] -- Installing: /home/naveengnanasekar/dev_ws/install/my_robot/share/my_robot/worlds/empty.world
[0.999s] -- Installing: /home/naveengnanasekar/dev_ws/install/my_robot/share/my_robot/meshes
[0.999s] -- Installing: /home/naveengnanasekar/dev_ws/install/my_robot/share/my_robot/meshes/wheel4.STL
[1.010s] -- Installing: /home/naveengnanasekar/dev_ws/install/my_robot/share/my_robot/meshes/wheel3.STL
[1.023s] -- Installing: /home/naveengnanasekar/dev_ws/install/my_robot/share/my_robot/meshes/wheel2.STL
[1.036s] -- Installing: /home/naveengnanasekar/dev_ws/install/my_robot/share/my_robot/meshes/wheel1.STL
[1.047s] -- Installing: /home/naveengnanasekar/dev_ws/install/my_robot/share/my_robot/meshes/base_link.STL
[1.048s] -- Installing: /home/naveengnanasekar/dev_ws/install/my_robot/share/my_robot/meshes/turret.STL
[1.049s] -- Up-to-date: /home/naveengnanasekar/dev_ws/install/my_robot/share/my_robot/launch
[1.050s] -- Up-to-date: /home/naveengnanasekar/dev_ws/install/my_robot/share/my_robot/launch/launch_sim.launch.py
[1.050s] -- Up-to-date: /home/naveengnanasekar/dev_ws/install/my_robot/share/my_robot/launch/rsp.launch.py
[1.050s] -- Installing: /home/naveengnanasekar/dev_ws/install/my_robot/share/ament_index/resource_index/package_run_dependencies/my_robot
[1.050s] -- Installing: /home/naveengnanasekar/dev_ws/install/my_robot/share/ament_index/resource_index/parent_prefix_path/my_robot
[1.050s] -- Installing: /home/naveengnanasekar/dev_ws/install/my_robot/share/my_robot/environment/ament_prefix_path.sh
[1.050s] -- Installing: /home/naveengnanasekar/dev_ws/install/my_robot/share/my_robot/environment/ament_prefix_path.dsv
[1.051s] -- Installing: /home/naveengnanasekar/dev_ws/install/my_robot/share/my_robot/environment/path.sh
[1.051s] -- Installing: /home/naveengnanasekar/dev_ws/install/my_robot/share/my_robot/environment/path.dsv
[1.051s] -- Installing: /home/naveengnanasekar/dev_ws/install/my_robot/share/my_robot/local_setup.bash
[1.051s] -- Installing: /home/naveengnanasekar/dev_ws/install/my_robot/share/my_robot/local_setup.sh
[1.051s] -- Installing: /home/naveengnanasekar/dev_ws/install/my_robot/share/my_robot/local_setup.zsh
[1.051s] -- Installing: /home/naveengnanasekar/dev_ws/install/my_robot/share/my_robot/local_setup.dsv
[1.051s] -- Installing: /home/naveengnanasekar/dev_ws/install/my_robot/share/my_robot/package.dsv
[1.052s] -- Installing: /home/naveengnanasekar/dev_ws/install/my_robot/share/ament_index/resource_index/packages/my_robot
[1.052s] -- Installing: /home/naveengnanasekar/dev_ws/install/my_robot/share/my_robot/cmake/my_robotConfig.cmake
[1.052s] -- Installing: /home/naveengnanasekar/dev_ws/install/my_robot/share/my_robot/cmake/my_robotConfig-version.cmake
[1.052s] -- Installing: /home/naveengnanasekar/dev_ws/install/my_robot/share/my_robot/package.xml
[1.057s] Invoked command in '/home/naveengnanasekar/dev_ws/build/my_robot' returned '0': CMAKE_PREFIX_PATH=${CMAKE_PREFIX_PATH}:/opt/ros/humble /usr/bin/cmake --install /home/naveengnanasekar/dev_ws/build/my_robot
