[0.008s] Invoking command in '/home/naveengnanasekar/dev_ws/build/my_robot': CMAKE_PREFIX_PATH=${CMAKE_PREFIX_PATH}:/opt/ros/humble /usr/bin/cmake /home/naveengnanasekar/dev_ws/src/my_robot -DAMENT_CMAKE_SYMLINK_INSTALL=1 -DCMAKE_INSTALL_PREFIX=/home/naveengnanasekar/dev_ws/install/my_robot
[0.023s] -- Found ament_cmake: 1.3.12 (/opt/ros/humble/share/ament_cmake/cmake)
[0.121s] -- Override CMake install command with custom implementation using symlinks instead of copying resources
[0.135s] -- Found ament_lint_auto: 0.12.14 (/opt/ros/humble/share/ament_lint_auto/cmake)
[0.195s] -- Added test 'copyright' to check source files copyright and LICENSE
[0.198s] -- Added test 'flake8' to check Python code syntax and style conventions
[0.199s] -- Added test 'lint_cmake' to check CMake code style
[0.199s] -- Added test 'pep257' to check Python code against some of the docstring style conventions in PEP 257
[0.201s] -- Added test 'xmllint' to check XML markup files
[0.202s] -- Configuring done
[0.205s] -- Generating done
[0.207s] -- Build files have been written to: /home/naveengnanasekar/dev_ws/build/my_robot
[0.210s] Invoked command in '/home/naveengnanasekar/dev_ws/build/my_robot' returned '0': CMAKE_PREFIX_PATH=${CMAKE_PREFIX_PATH}:/opt/ros/humble /usr/bin/cmake /home/naveengnanasekar/dev_ws/src/my_robot -DAMENT_CMAKE_SYMLINK_INSTALL=1 -DCMAKE_INSTALL_PREFIX=/home/naveengnanasekar/dev_ws/install/my_robot
[0.211s] Invoking command in '/home/naveengnanasekar/dev_ws/build/my_robot': CMAKE_PREFIX_PATH=${CMAKE_PREFIX_PATH}:/opt/ros/humble /usr/bin/cmake --build /home/naveengnanasekar/dev_ws/build/my_robot -- -j8 -l8
[0.245s] Invoked command in '/home/naveengnanasekar/dev_ws/build/my_robot' returned '0': CMAKE_PREFIX_PATH=${CMAKE_PREFIX_PATH}:/opt/ros/humble /usr/bin/cmake --build /home/naveengnanasekar/dev_ws/build/my_robot -- -j8 -l8
[0.254s] Invoking command in '/home/naveengnanasekar/dev_ws/build/my_robot': CMAKE_PREFIX_PATH=${CMAKE_PREFIX_PATH}:/opt/ros/humble /usr/bin/cmake --install /home/naveengnanasekar/dev_ws/build/my_robot
[0.260s] -- Install configuration: ""
[0.260s] -- Execute custom install script
[0.260s] -- Symlinking: /home/naveengnanasekar/dev_ws/install/my_robot/share/my_robot/config/empty.yaml
[0.268s] -- Symlinking: /home/naveengnanasekar/dev_ws/install/my_robot/share/my_robot/description/gazebo_control.xacro
[0.276s] -- Symlinking: /home/naveengnanasekar/dev_ws/install/my_robot/share/my_robot/description/robot.urdf.xacro
[0.285s] -- Symlinking: /home/naveengnanasekar/dev_ws/install/my_robot/share/my_robot/description/robot_core.xacro
[0.293s] -- Symlinking: /home/naveengnanasekar/dev_ws/install/my_robot/share/my_robot/launch/launch_sim.launch.py
[0.300s] -- Symlinking: /home/naveengnanasekar/dev_ws/install/my_robot/share/my_robot/launch/rsp.launch.py
[0.308s] -- Symlinking: /home/naveengnanasekar/dev_ws/install/my_robot/share/my_robot/worlds/empty.world
[0.316s] -- Symlinking: /home/naveengnanasekar/dev_ws/install/my_robot/share/my_robot/meshes/base_link.STL
[0.325s] -- Symlinking: /home/naveengnanasekar/dev_ws/install/my_robot/share/my_robot/meshes/turret.STL
[0.333s] -- Symlinking: /home/naveengnanasekar/dev_ws/install/my_robot/share/my_robot/meshes/wheel1.STL
[0.341s] -- Symlinking: /home/naveengnanasekar/dev_ws/install/my_robot/share/my_robot/meshes/wheel2.STL
[0.349s] -- Symlinking: /home/naveengnanasekar/dev_ws/install/my_robot/share/my_robot/meshes/wheel3.STL
[0.358s] -- Symlinking: /home/naveengnanasekar/dev_ws/install/my_robot/share/my_robot/meshes/wheel4.STL
[0.366s] -- Up-to-date symlink: /home/naveengnanasekar/dev_ws/install/my_robot/share/my_robot/launch/launch_sim.launch.py
[0.366s] -- Up-to-date symlink: /home/naveengnanasekar/dev_ws/install/my_robot/share/my_robot/launch/rsp.launch.py
[0.366s] -- Symlinking: /home/naveengnanasekar/dev_ws/install/my_robot/share/ament_index/resource_index/package_run_dependencies/my_robot
[0.375s] -- Symlinking: /home/naveengnanasekar/dev_ws/install/my_robot/share/ament_index/resource_index/parent_prefix_path/my_robot
[0.384s] -- Symlinking: /home/naveengnanasekar/dev_ws/install/my_robot/share/my_robot/environment/ament_prefix_path.sh
[0.392s] -- Symlinking: /home/naveengnanasekar/dev_ws/install/my_robot/share/my_robot/environment/ament_prefix_path.dsv
[0.400s] -- Symlinking: /home/naveengnanasekar/dev_ws/install/my_robot/share/my_robot/environment/path.sh
[0.408s] -- Symlinking: /home/naveengnanasekar/dev_ws/install/my_robot/share/my_robot/environment/path.dsv
[0.416s] -- Symlinking: /home/naveengnanasekar/dev_ws/install/my_robot/share/my_robot/local_setup.bash
[0.424s] -- Symlinking: /home/naveengnanasekar/dev_ws/install/my_robot/share/my_robot/local_setup.sh
[0.435s] -- Symlinking: /home/naveengnanasekar/dev_ws/install/my_robot/share/my_robot/local_setup.zsh
[0.444s] -- Symlinking: /home/naveengnanasekar/dev_ws/install/my_robot/share/my_robot/local_setup.dsv
[0.452s] -- Symlinking: /home/naveengnanasekar/dev_ws/install/my_robot/share/my_robot/package.dsv
[0.460s] -- Symlinking: /home/naveengnanasekar/dev_ws/install/my_robot/share/ament_index/resource_index/packages/my_robot
[0.468s] -- Symlinking: /home/naveengnanasekar/dev_ws/install/my_robot/share/my_robot/cmake/my_robotConfig.cmake
[0.475s] -- Symlinking: /home/naveengnanasekar/dev_ws/install/my_robot/share/my_robot/cmake/my_robotConfig-version.cmake
[0.483s] -- Symlinking: /home/naveengnanasekar/dev_ws/install/my_robot/share/my_robot/package.xml
[0.493s] Invoked command in '/home/naveengnanasekar/dev_ws/build/my_robot' returned '0': CMAKE_PREFIX_PATH=${CMAKE_PREFIX_PATH}:/opt/ros/humble /usr/bin/cmake --install /home/naveengnanasekar/dev_ws/build/my_robot
