[0.081s] DEBUG:colcon:Command line arguments: ['/usr/bin/colcon', 'build']
[0.081s] DEBUG:colcon:Parsed command line arguments: Namespace(log_base=None, log_level=None, verb_name='build', build_base='build', install_base='install', merge_install=False, symlink_install=False, test_result_base=None, continue_on_error=False, executor='parallel', parallel_workers=8, event_handlers=None, ignore_user_meta=False, metas=['./colcon.meta'], base_paths=['.'], packages_ignore=None, packages_ignore_regex=None, paths=None, packages_up_to=None, packages_up_to_regex=None, packages_above=None, packages_above_and_dependencies=None, packages_above_depth=None, packages_select_by_dep=None, packages_skip_by_dep=None, packages_skip_up_to=None, packages_select_build_failed=False, packages_skip_build_finished=False, packages_select_test_failures=False, packages_skip_test_passed=False, packages_select=None, packages_skip=None, packages_select_regex=None, packages_skip_regex=None, packages_start=None, packages_end=None, allow_overriding=[], cmake_args=None, cmake_target=None, cmake_target_skip_unavailable=False, cmake_clean_cache=False, cmake_clean_first=False, cmake_force_configure=False, ament_cmake_args=None, catkin_cmake_args=None, catkin_skip_building_tests=False, mixin_files=None, mixin=None, verb_parser=<colcon_mixin.mixin.mixin_argument.MixinArgumentDecorator object at 0x75e22cf59660>, verb_extension=<colcon_core.verb.build.BuildVerb object at 0x75e22cf58ee0>, main=<bound method BuildVerb.main of <colcon_core.verb.build.BuildVerb object at 0x75e22cf58ee0>>, mixin_verb=('build',))
[0.209s] Level 1:colcon.colcon_core.package_discovery:discover_packages(colcon_meta) check parameters
[0.209s] Level 1:colcon.colcon_core.package_discovery:discover_packages(recursive) check parameters
[0.209s] Level 1:colcon.colcon_core.package_discovery:discover_packages(ignore) check parameters
[0.209s] Level 1:colcon.colcon_core.package_discovery:discover_packages(path) check parameters
[0.209s] Level 1:colcon.colcon_core.package_discovery:discover_packages(colcon_meta) discover
[0.209s] Level 1:colcon.colcon_core.package_discovery:discover_packages(recursive) discover
[0.209s] INFO:colcon.colcon_core.package_discovery:Crawling recursively for packages in '/home/naveengnanasekar/dev_ws'
[0.209s] Level 1:colcon.colcon_core.package_identification:_identify(.) by extensions ['ignore', 'ignore_ament_install']
[0.209s] Level 1:colcon.colcon_core.package_identification:_identify(.) by extension 'ignore'
[0.209s] Level 1:colcon.colcon_core.package_identification:_identify(.) by extension 'ignore_ament_install'
[0.209s] Level 1:colcon.colcon_core.package_identification:_identify(.) by extensions ['colcon_pkg']
[0.209s] Level 1:colcon.colcon_core.package_identification:_identify(.) by extension 'colcon_pkg'
[0.209s] Level 1:colcon.colcon_core.package_identification:_identify(.) by extensions ['colcon_meta']
[0.209s] Level 1:colcon.colcon_core.package_identification:_identify(.) by extension 'colcon_meta'
[0.209s] Level 1:colcon.colcon_core.package_identification:_identify(.) by extensions ['ros']
[0.209s] Level 1:colcon.colcon_core.package_identification:_identify(.) by extension 'ros'
[0.217s] Level 1:colcon.colcon_core.package_identification:_identify(.) by extensions ['cmake', 'python']
[0.217s] Level 1:colcon.colcon_core.package_identification:_identify(.) by extension 'cmake'
[0.218s] Level 1:colcon.colcon_core.package_identification:_identify(.) by extension 'python'
[0.218s] Level 1:colcon.colcon_core.package_identification:_identify(.) by extensions ['python_setup_py']
[0.218s] Level 1:colcon.colcon_core.package_identification:_identify(.) by extension 'python_setup_py'
[0.218s] Level 1:colcon.colcon_core.package_identification:_identify(build) by extensions ['ignore', 'ignore_ament_install']
[0.218s] Level 1:colcon.colcon_core.package_identification:_identify(build) by extension 'ignore'
[0.218s] Level 1:colcon.colcon_core.package_identification:_identify(build) ignored
[0.218s] Level 1:colcon.colcon_core.package_identification:_identify(install) by extensions ['ignore', 'ignore_ament_install']
[0.218s] Level 1:colcon.colcon_core.package_identification:_identify(install) by extension 'ignore'
[0.218s] Level 1:colcon.colcon_core.package_identification:_identify(install) ignored
[0.218s] Level 1:colcon.colcon_core.package_identification:_identify(log) by extensions ['ignore', 'ignore_ament_install']
[0.218s] Level 1:colcon.colcon_core.package_identification:_identify(log) by extension 'ignore'
[0.218s] Level 1:colcon.colcon_core.package_identification:_identify(log) ignored
[0.218s] Level 1:colcon.colcon_core.package_identification:_identify(src) by extensions ['ignore', 'ignore_ament_install']
[0.218s] Level 1:colcon.colcon_core.package_identification:_identify(src) by extension 'ignore'
[0.219s] Level 1:colcon.colcon_core.package_identification:_identify(src) by extension 'ignore_ament_install'
[0.219s] Level 1:colcon.colcon_core.package_identification:_identify(src) by extensions ['colcon_pkg']
[0.219s] Level 1:colcon.colcon_core.package_identification:_identify(src) by extension 'colcon_pkg'
[0.219s] Level 1:colcon.colcon_core.package_identification:_identify(src) by extensions ['colcon_meta']
[0.219s] Level 1:colcon.colcon_core.package_identification:_identify(src) by extension 'colcon_meta'
[0.219s] Level 1:colcon.colcon_core.package_identification:_identify(src) by extensions ['ros']
[0.219s] Level 1:colcon.colcon_core.package_identification:_identify(src) by extension 'ros'
[0.219s] Level 1:colcon.colcon_core.package_identification:_identify(src) by extensions ['cmake', 'python']
[0.219s] Level 1:colcon.colcon_core.package_identification:_identify(src) by extension 'cmake'
[0.219s] Level 1:colcon.colcon_core.package_identification:_identify(src) by extension 'python'
[0.219s] Level 1:colcon.colcon_core.package_identification:_identify(src) by extensions ['python_setup_py']
[0.219s] Level 1:colcon.colcon_core.package_identification:_identify(src) by extension 'python_setup_py'
[0.219s] Level 1:colcon.colcon_core.package_identification:_identify(src/my_robot) by extensions ['ignore', 'ignore_ament_install']
[0.219s] Level 1:colcon.colcon_core.package_identification:_identify(src/my_robot) by extension 'ignore'
[0.219s] Level 1:colcon.colcon_core.package_identification:_identify(src/my_robot) by extension 'ignore_ament_install'
[0.219s] Level 1:colcon.colcon_core.package_identification:_identify(src/my_robot) by extensions ['colcon_pkg']
[0.219s] Level 1:colcon.colcon_core.package_identification:_identify(src/my_robot) by extension 'colcon_pkg'
[0.219s] Level 1:colcon.colcon_core.package_identification:_identify(src/my_robot) by extensions ['colcon_meta']
[0.219s] Level 1:colcon.colcon_core.package_identification:_identify(src/my_robot) by extension 'colcon_meta'
[0.219s] Level 1:colcon.colcon_core.package_identification:_identify(src/my_robot) by extensions ['ros']
[0.219s] Level 1:colcon.colcon_core.package_identification:_identify(src/my_robot) by extension 'ros'
[0.221s] DEBUG:colcon.colcon_core.package_identification:Package 'src/my_robot' with type 'ros.ament_cmake' and name 'my_robot'
[0.221s] Level 1:colcon.colcon_core.package_discovery:discover_packages(recursive) using defaults
[0.221s] Level 1:colcon.colcon_core.package_discovery:discover_packages(ignore) discover
[0.221s] Level 1:colcon.colcon_core.package_discovery:discover_packages(ignore) using defaults
[0.221s] Level 1:colcon.colcon_core.package_discovery:discover_packages(path) discover
[0.221s] Level 1:colcon.colcon_core.package_discovery:discover_packages(path) using defaults
[0.247s] Level 1:colcon.colcon_core.package_discovery:discover_packages(prefix_path) check parameters
[0.247s] Level 1:colcon.colcon_core.package_discovery:discover_packages(prefix_path) discover
[0.249s] DEBUG:colcon.colcon_installed_package_information.package_discovery:Found 337 installed packages in /opt/ros/humble
[0.250s] Level 1:colcon.colcon_core.package_discovery:discover_packages(prefix_path) using defaults
[0.281s] Level 5:colcon.colcon_core.verb:set package 'my_robot' build argument 'cmake_args' from command line to 'None'
[0.282s] Level 5:colcon.colcon_core.verb:set package 'my_robot' build argument 'cmake_target' from command line to 'None'
[0.282s] Level 5:colcon.colcon_core.verb:set package 'my_robot' build argument 'cmake_target_skip_unavailable' from command line to 'False'
[0.282s] Level 5:colcon.colcon_core.verb:set package 'my_robot' build argument 'cmake_clean_cache' from command line to 'False'
[0.282s] Level 5:colcon.colcon_core.verb:set package 'my_robot' build argument 'cmake_clean_first' from command line to 'False'
[0.282s] Level 5:colcon.colcon_core.verb:set package 'my_robot' build argument 'cmake_force_configure' from command line to 'False'
[0.282s] Level 5:colcon.colcon_core.verb:set package 'my_robot' build argument 'ament_cmake_args' from command line to 'None'
[0.282s] Level 5:colcon.colcon_core.verb:set package 'my_robot' build argument 'catkin_cmake_args' from command line to 'None'
[0.282s] Level 5:colcon.colcon_core.verb:set package 'my_robot' build argument 'catkin_skip_building_tests' from command line to 'False'
[0.282s] DEBUG:colcon.colcon_core.verb:Building package 'my_robot' with the following arguments: {'ament_cmake_args': None, 'build_base': '/home/naveengnanasekar/dev_ws/build/my_robot', 'catkin_cmake_args': None, 'catkin_skip_building_tests': False, 'cmake_args': None, 'cmake_clean_cache': False, 'cmake_clean_first': False, 'cmake_force_configure': False, 'cmake_target': None, 'cmake_target_skip_unavailable': False, 'install_base': '/home/naveengnanasekar/dev_ws/install/my_robot', 'merge_install': False, 'path': '/home/naveengnanasekar/dev_ws/src/my_robot', 'symlink_install': False, 'test_result_base': None}
[0.282s] INFO:colcon.colcon_core.executor:Executing jobs using 'parallel' executor
[0.283s] DEBUG:colcon.colcon_parallel_executor.executor.parallel:run_until_complete
[0.283s] INFO:colcon.colcon_ros.task.ament_cmake.build:Building ROS package in '/home/naveengnanasekar/dev_ws/src/my_robot' with build type 'ament_cmake'
[0.283s] INFO:colcon.colcon_cmake.task.cmake.build:Building CMake package in '/home/naveengnanasekar/dev_ws/src/my_robot'
[0.284s] INFO:colcon.colcon_core.plugin_system:Skipping extension 'colcon_core.shell.bat': Not used on non-Windows systems
[0.285s] INFO:colcon.colcon_core.shell:Skip shell extension 'powershell' for command environment: Not usable outside of PowerShell
[0.285s] DEBUG:colcon.colcon_core.shell:Skip shell extension 'dsv' for command environment
[0.291s] DEBUG:colcon.colcon_core.event_handler.log_command:Invoking command in '/home/naveengnanasekar/dev_ws/build/my_robot': CMAKE_PREFIX_PATH=/opt/ros/humble /usr/bin/cmake /home/naveengnanasekar/dev_ws/src/my_robot -DCMAKE_INSTALL_PREFIX=/home/naveengnanasekar/dev_ws/install/my_robot
[0.464s] DEBUG:colcon.colcon_core.event_handler.log_command:Invoked command in '/home/naveengnanasekar/dev_ws/build/my_robot' returned '0': CMAKE_PREFIX_PATH=/opt/ros/humble /usr/bin/cmake /home/naveengnanasekar/dev_ws/src/my_robot -DCMAKE_INSTALL_PREFIX=/home/naveengnanasekar/dev_ws/install/my_robot
[0.466s] DEBUG:colcon.colcon_core.event_handler.log_command:Invoking command in '/home/naveengnanasekar/dev_ws/build/my_robot': CMAKE_PREFIX_PATH=/opt/ros/humble /usr/bin/cmake --build /home/naveengnanasekar/dev_ws/build/my_robot -- -j8 -l8
[0.498s] DEBUG:colcon.colcon_core.event_handler.log_command:Invoked command in '/home/naveengnanasekar/dev_ws/build/my_robot' returned '0': CMAKE_PREFIX_PATH=/opt/ros/humble /usr/bin/cmake --build /home/naveengnanasekar/dev_ws/build/my_robot -- -j8 -l8
[0.507s] DEBUG:colcon.colcon_core.event_handler.log_command:Invoking command in '/home/naveengnanasekar/dev_ws/build/my_robot': CMAKE_PREFIX_PATH=/opt/ros/humble /usr/bin/cmake --install /home/naveengnanasekar/dev_ws/build/my_robot
[0.528s] Level 1:colcon.colcon_core.environment:create_environment_scripts_only(my_robot)
[0.528s] DEBUG:colcon.colcon_core.event_handler.log_command:Invoked command in '/home/naveengnanasekar/dev_ws/build/my_robot' returned '0': CMAKE_PREFIX_PATH=/opt/ros/humble /usr/bin/cmake --install /home/naveengnanasekar/dev_ws/build/my_robot
[0.529s] Level 1:colcon.colcon_core.environment:checking '/home/naveengnanasekar/dev_ws/install/my_robot' for CMake module files
[0.530s] Level 1:colcon.colcon_core.environment:checking '/home/naveengnanasekar/dev_ws/install/my_robot' for CMake config files
[0.530s] Level 1:colcon.colcon_core.shell:create_environment_hook('my_robot', 'cmake_prefix_path')
[0.531s] INFO:colcon.colcon_core.shell:Creating environment hook '/home/naveengnanasekar/dev_ws/install/my_robot/share/my_robot/hook/cmake_prefix_path.ps1'
[0.531s] INFO:colcon.colcon_core.shell:Creating environment descriptor '/home/naveengnanasekar/dev_ws/install/my_robot/share/my_robot/hook/cmake_prefix_path.dsv'
[0.531s] INFO:colcon.colcon_core.shell:Creating environment hook '/home/naveengnanasekar/dev_ws/install/my_robot/share/my_robot/hook/cmake_prefix_path.sh'
[0.532s] Level 1:colcon.colcon_core.environment:checking '/home/naveengnanasekar/dev_ws/install/my_robot/bin'
[0.532s] Level 1:colcon.colcon_core.environment:checking '/home/naveengnanasekar/dev_ws/install/my_robot/lib/pkgconfig/my_robot.pc'
[0.532s] Level 1:colcon.colcon_core.environment:checking '/home/naveengnanasekar/dev_ws/install/my_robot/lib/python3.10/site-packages'
[0.532s] Level 1:colcon.colcon_core.environment:checking '/home/naveengnanasekar/dev_ws/install/my_robot/bin'
[0.533s] INFO:colcon.colcon_core.shell:Creating package script '/home/naveengnanasekar/dev_ws/install/my_robot/share/my_robot/package.ps1'
[0.533s] INFO:colcon.colcon_core.shell:Creating package descriptor '/home/naveengnanasekar/dev_ws/install/my_robot/share/my_robot/package.dsv'
[0.534s] INFO:colcon.colcon_core.shell:Creating package script '/home/naveengnanasekar/dev_ws/install/my_robot/share/my_robot/package.sh'
[0.534s] INFO:colcon.colcon_core.shell:Creating package script '/home/naveengnanasekar/dev_ws/install/my_robot/share/my_robot/package.bash'
[0.535s] INFO:colcon.colcon_core.shell:Creating package script '/home/naveengnanasekar/dev_ws/install/my_robot/share/my_robot/package.zsh'
[0.535s] Level 1:colcon.colcon_core.environment:create_file_with_runtime_dependencies(/home/naveengnanasekar/dev_ws/install/my_robot/share/colcon-core/packages/my_robot)
[0.535s] Level 1:colcon.colcon_core.environment:create_environment_scripts_only(my_robot)
[0.536s] Level 1:colcon.colcon_core.environment:checking '/home/naveengnanasekar/dev_ws/install/my_robot' for CMake module files
[0.536s] Level 1:colcon.colcon_core.environment:checking '/home/naveengnanasekar/dev_ws/install/my_robot' for CMake config files
[0.536s] Level 1:colcon.colcon_core.shell:create_environment_hook('my_robot', 'cmake_prefix_path')
[0.537s] INFO:colcon.colcon_core.shell:Creating environment hook '/home/naveengnanasekar/dev_ws/install/my_robot/share/my_robot/hook/cmake_prefix_path.ps1'
[0.537s] INFO:colcon.colcon_core.shell:Creating environment descriptor '/home/naveengnanasekar/dev_ws/install/my_robot/share/my_robot/hook/cmake_prefix_path.dsv'
[0.537s] INFO:colcon.colcon_core.shell:Creating environment hook '/home/naveengnanasekar/dev_ws/install/my_robot/share/my_robot/hook/cmake_prefix_path.sh'
[0.537s] Level 1:colcon.colcon_core.environment:checking '/home/naveengnanasekar/dev_ws/install/my_robot/bin'
[0.538s] Level 1:colcon.colcon_core.environment:checking '/home/naveengnanasekar/dev_ws/install/my_robot/lib/pkgconfig/my_robot.pc'
[0.538s] Level 1:colcon.colcon_core.environment:checking '/home/naveengnanasekar/dev_ws/install/my_robot/lib/python3.10/site-packages'
[0.538s] Level 1:colcon.colcon_core.environment:checking '/home/naveengnanasekar/dev_ws/install/my_robot/bin'
[0.538s] INFO:colcon.colcon_core.shell:Creating package script '/home/naveengnanasekar/dev_ws/install/my_robot/share/my_robot/package.ps1'
[0.538s] INFO:colcon.colcon_core.shell:Creating package descriptor '/home/naveengnanasekar/dev_ws/install/my_robot/share/my_robot/package.dsv'
[0.539s] INFO:colcon.colcon_core.shell:Creating package script '/home/naveengnanasekar/dev_ws/install/my_robot/share/my_robot/package.sh'
[0.539s] INFO:colcon.colcon_core.shell:Creating package script '/home/naveengnanasekar/dev_ws/install/my_robot/share/my_robot/package.bash'
[0.539s] INFO:colcon.colcon_core.shell:Creating package script '/home/naveengnanasekar/dev_ws/install/my_robot/share/my_robot/package.zsh'
[0.540s] Level 1:colcon.colcon_core.environment:create_file_with_runtime_dependencies(/home/naveengnanasekar/dev_ws/install/my_robot/share/colcon-core/packages/my_robot)
[0.540s] DEBUG:colcon.colcon_parallel_executor.executor.parallel:closing loop
[0.540s] DEBUG:colcon.colcon_parallel_executor.executor.parallel:loop closed
[0.540s] DEBUG:colcon.colcon_parallel_executor.executor.parallel:run_until_complete finished with '0'
[0.540s] DEBUG:colcon.colcon_core.event_reactor:joining thread
[0.544s] INFO:colcon.colcon_core.plugin_system:Skipping extension 'colcon_notification.desktop_notification.terminal_notifier': Not used on non-Darwin systems
[0.544s] INFO:colcon.colcon_core.plugin_system:Skipping extension 'colcon_notification.desktop_notification.win32': Not used on non-Windows systems
[0.544s] INFO:colcon.colcon_notification.desktop_notification:Sending desktop notification using 'notify2'
[0.553s] DEBUG:colcon.colcon_core.event_reactor:joined thread
[0.553s] INFO:colcon.colcon_core.shell:Creating prefix script '/home/naveengnanasekar/dev_ws/install/local_setup.ps1'
[0.554s] INFO:colcon.colcon_core.shell:Creating prefix util module '/home/naveengnanasekar/dev_ws/install/_local_setup_util_ps1.py'
[0.555s] INFO:colcon.colcon_core.shell:Creating prefix chain script '/home/naveengnanasekar/dev_ws/install/setup.ps1'
[0.556s] INFO:colcon.colcon_core.shell:Creating prefix script '/home/naveengnanasekar/dev_ws/install/local_setup.sh'
[0.556s] INFO:colcon.colcon_core.shell:Creating prefix util module '/home/naveengnanasekar/dev_ws/install/_local_setup_util_sh.py'
[0.557s] INFO:colcon.colcon_core.shell:Creating prefix chain script '/home/naveengnanasekar/dev_ws/install/setup.sh'
[0.558s] INFO:colcon.colcon_core.shell:Creating prefix script '/home/naveengnanasekar/dev_ws/install/local_setup.bash'
[0.558s] INFO:colcon.colcon_core.shell:Creating prefix chain script '/home/naveengnanasekar/dev_ws/install/setup.bash'
[0.559s] INFO:colcon.colcon_core.shell:Creating prefix script '/home/naveengnanasekar/dev_ws/install/local_setup.zsh'
[0.559s] INFO:colcon.colcon_core.shell:Creating prefix chain script '/home/naveengnanasekar/dev_ws/install/setup.zsh'
